<?xml version="1.0" encoding="UTF-8" ?>
<testsuite errors="0" failures="0" hostname="SarasLaptop" name="SortingTest" skipped="0" tests="31" time="0.504" timestamp="2022-06-06T22:19:09">
  <properties>
[...]
</properties>
  <testcase classname="SortingTest" name="indexOfTheSmallestTest1" time="0.016" />
  <testcase classname="SortingTest" name="indexOfTheSmallestTest2" time="0.0" />
  <testcase classname="SortingTest" name="indexOfTheSmallestTest3" time="0.0" />
  <testcase classname="SortingTest" name="swapTest1" time="0.0" />
  <testcase classname="SortingTest" name="swapTest2" time="0.0" />
  <testcase classname="SortingTest" name="swapTest3" time="0.0" />
  <testcase classname="SortingTest" name="swapTest4" time="0.0" />
  <testcase classname="SortingTest" name="swapTest5" time="0.0" />
  <testcase classname="SortingTest" name="test10" time="0.0" />
  <testcase classname="SortingTest" name="test11" time="0.016" />
  <testcase classname="SortingTest" name="test12" time="0.008" />
  <testcase classname="SortingTest" name="test13" time="0.0" />
  <testcase classname="SortingTest" name="test14" time="0.0" />
  <testcase classname="SortingTest" name="test15" time="0.008" />
  <testcase classname="SortingTest" name="test17" time="0.0" />
  <testcase classname="SortingTest" name="test18" time="0.0" />
  <testcase classname="SortingTest" name="indexOfTheSmallestStartingFromTest1" time="0.0" />
  <testcase classname="SortingTest" name="indexOfTheSmallestStartingFromTest3" time="0.0" />
  <testcase classname="SortingTest" name="sortTest1" time="0.0" />
  <testcase classname="SortingTest" name="sortTest2" time="0.0" />
  <testcase classname="SortingTest" name="sortTest3" time="0.008" />
  <testcase classname="SortingTest" name="sortTest4" time="0.232" />
  <testcase classname="SortingTest" name="test1" time="0.0" />
  <testcase classname="SortingTest" name="test2" time="0.0" />
  <testcase classname="SortingTest" name="test3" time="0.0" />
  <testcase classname="SortingTest" name="test4" time="0.0" />
  <testcase classname="SortingTest" name="test5" time="0.0" />
  <testcase classname="SortingTest" name="test6" time="0.0" />
  <testcase classname="SortingTest" name="test7" time="0.0" />
  <testcase classname="SortingTest" name="test8" time="0.0" />
  <testcase classname="SortingTest" name="test9" time="0.008" />
  <system-out><![CDATA[[2, 1, 3, 0]
[1, 2, 3, 0]
[0, 2, 3, 1]
[0, 1, 3, 2]
[0, 1, 2, 3]
[4, 7, 1]
[1, 7, 4]
[1, 4, 7]
[4, 7, 8, 6, 9, 2, 3]
[2, 7, 8, 6, 9, 4, 3]
[2, 6, 8, 7, 9, 4, 3]
[2, 4, 8, 7, 9, 6, 3]
[2, 3, 8, 7, 9, 6, 4]
[2, 3, 7, 8, 9, 6, 4]
[2, 3, 6, 8, 9, 7, 4]
[2, 3, 4, 8, 9, 7, 6]
[2, 3, 4, 7, 9, 8, 6]
[2, 3, 4, 6, 9, 8, 7]
[2, 3, 4, 6, 8, 9, 7]
[2, 3, 4, 6, 7, 9, 8]
[2, 3, 4, 6, 7, 8, 9]
[8, -9, -6, 13, -2]
[-9, 8, -6, 13, -2]
[-9, -6, 8, 13, -2]
[-9, -6, -2, 13, 8]
[-9, -6, -2, 8, 13]
[7, 16, 17, 8, 10, 17, 9, -8, -7, -2, 6, 10, -1, 12, -7, 0, 13, 14, 4, -6, 16, 18, -3, -6, 1, 9, 15, 1, 8, 14, 2, 2, 16, 7, 13, 19]
[-8, 16, 17, 8, 10, 17, 9, 7, -7, -2, 6, 10, -1, 12, -7, 0, 13, 14, 4, -6, 16, 18, -3, -6, 1, 9, 15, 1, 8, 14, 2, 2, 16, 7, 13, 19]
[-8, 8, 17, 16, 10, 17, 9, 7, -7, -2, 6, 10, -1, 12, -7, 0, 13, 14, 4, -6, 16, 18, -3, -6, 1, 9, 15, 1, 8, 14, 2, 2, 16, 7, 13, 19]
[-8, 7, 17, 16, 10, 17, 9, 8, -7, -2, 6, 10, -1, 12, -7, 0, 13, 14, 4, -6, 16, 18, -3, -6, 1, 9, 15, 1, 8, 14, 2, 2, 16, 7, 13, 19]
[-8, -7, 17, 16, 10, 17, 9, 8, 7, -2, 6, 10, -1, 12, -7, 0, 13, 14, 4, -6, 16, 18, -3, -6, 1, 9, 15, 1, 8, 14, 2, 2, 16, 7, 13, 19]
[-8, -7, 17, 16, 10, 17, 9, 8, 7, -2, 6, 10, -1, 12, -7, 0, 13, 14, 4, -6, 16, 18, -3, -6, 1, 9, 15, 1, 8, 14, 2, 2, 16, 7, 13, 19]
[-8, -7, 16, 17, 10, 17, 9, 8, 7, -2, 6, 10, -1, 12, -7, 0, 13, 14, 4, -6, 16, 18, -3, -6, 1, 9, 15, 1, 8, 14, 2, 2, 16, 7, 13, 19]
[-8, -7, 10, 17, 16, 17, 9, 8, 7, -2, 6, 10, -1, 12, -7, 0, 13, 14, 4, -6, 16, 18, -3, -6, 1, 9, 15, 1, 8, 14, 2, 2, 16, 7, 13, 19]
[-8, -7, 9, 17, 16, 17, 10, 8, 7, -2, 6, 10, -1, 12, -7, 0, 13, 14, 4, -6, 16, 18, -3, -6, 1, 9, 15, 1, 8, 14, 2, 2, 16, 7, 13, 19]
[-8, -7, 8, 17, 16, 17, 10, 9, 7, -2, 6, 10, -1, 12, -7, 0, 13, 14, 4, -6, 16, 18, -3, -6, 1, 9, 15, 1, 8, 14, 2, 2, 16, 7, 13, 19]
[-8, -7, 7, 17, 16, 17, 10, 9, 8, -2, 6, 10, -1, 12, -7, 0, 13, 14, 4, -6, 16, 18, -3, -6, 1, 9, 15, 1, 8, 14, 2, 2, 16, 7, 13, 19]
[-8, -7, -2, 17, 16, 17, 10, 9, 8, 7, 6, 10, -1, 12, -7, 0, 13, 14, 4, -6, 16, 18, -3, -6, 1, 9, 15, 1, 8, 14, 2, 2, 16, 7, 13, 19]
[-8, -7, -7, 17, 16, 17, 10, 9, 8, 7, 6, 10, -1, 12, -2, 0, 13, 14, 4, -6, 16, 18, -3, -6, 1, 9, 15, 1, 8, 14, 2, 2, 16, 7, 13, 19]
[-8, -7, -7, 16, 17, 17, 10, 9, 8, 7, 6, 10, -1, 12, -2, 0, 13, 14, 4, -6, 16, 18, -3, -6, 1, 9, 15, 1, 8, 14, 2, 2, 16, 7, 13, 19]
[-8, -7, -7, 10, 17, 17, 16, 9, 8, 7, 6, 10, -1, 12, -2, 0, 13, 14, 4, -6, 16, 18, -3, -6, 1, 9, 15, 1, 8, 14, 2, 2, 16, 7, 13, 19]
[-8, -7, -7, 9, 17, 17, 16, 10, 8, 7, 6, 10, -1, 12, -2, 0, 13, 14, 4, -6, 16, 18, -3, -6, 1, 9, 15, 1, 8, 14, 2, 2, 16, 7, 13, 19]
[-8, -7, -7, 8, 17, 17, 16, 10, 9, 7, 6, 10, -1, 12, -2, 0, 13, 14, 4, -6, 16, 18, -3, -6, 1, 9, 15, 1, 8, 14, 2, 2, 16, 7, 13, 19]
[-8, -7, -7, 7, 17, 17, 16, 10, 9, 8, 6, 10, -1, 12, -2, 0, 13, 14, 4, -6, 16, 18, -3, -6, 1, 9, 15, 1, 8, 14, 2, 2, 16, 7, 13, 19]
[-8, -7, -7, 6, 17, 17, 16, 10, 9, 8, 7, 10, -1, 12, -2, 0, 13, 14, 4, -6, 16, 18, -3, -6, 1, 9, 15, 1, 8, 14, 2, 2, 16, 7, 13, 19]
[-8, -7, -7, -1, 17, 17, 16, 10, 9, 8, 7, 10, 6, 12, -2, 0, 13, 14, 4, -6, 16, 18, -3, -6, 1, 9, 15, 1, 8, 14, 2, 2, 16, 7, 13, 19]
[-8, -7, -7, -2, 17, 17, 16, 10, 9, 8, 7, 10, 6, 12, -1, 0, 13, 14, 4, -6, 16, 18, -3, -6, 1, 9, 15, 1, 8, 14, 2, 2, 16, 7, 13, 19]
[-8, -7, -7, -6, 17, 17, 16, 10, 9, 8, 7, 10, 6, 12, -1, 0, 13, 14, 4, -2, 16, 18, -3, -6, 1, 9, 15, 1, 8, 14, 2, 2, 16, 7, 13, 19]
[-8, -7, -7, -6, 17, 17, 16, 10, 9, 8, 7, 10, 6, 12, -1, 0, 13, 14, 4, -2, 16, 18, -3, -6, 1, 9, 15, 1, 8, 14, 2, 2, 16, 7, 13, 19]
[-8, -7, -7, -6, 17, 17, 16, 10, 9, 8, 7, 10, 6, 12, -1, 0, 13, 14, 4, -2, 16, 18, -3, -6, 1, 9, 15, 1, 8, 14, 2, 2, 16, 7, 13, 19]
[-8, -7, -7, -6, 16, 17, 17, 10, 9, 8, 7, 10, 6, 12, -1, 0, 13, 14, 4, -2, 16, 18, -3, -6, 1, 9, 15, 1, 8, 14, 2, 2, 16, 7, 13, 19]
[-8, -7, -7, -6, 10, 17, 17, 16, 9, 8, 7, 10, 6, 12, -1, 0, 13, 14, 4, -2, 16, 18, -3, -6, 1, 9, 15, 1, 8, 14, 2, 2, 16, 7, 13, 19]
[-8, -7, -7, -6, 9, 17, 17, 16, 10, 8, 7, 10, 6, 12, -1, 0, 13, 14, 4, -2, 16, 18, -3, -6, 1, 9, 15, 1, 8, 14, 2, 2, 16, 7, 13, 19]
[-8, -7, -7, -6, 8, 17, 17, 16, 10, 9, 7, 10, 6, 12, -1, 0, 13, 14, 4, -2, 16, 18, -3, -6, 1, 9, 15, 1, 8, 14, 2, 2, 16, 7, 13, 19]
[-8, -7, -7, -6, 7, 17, 17, 16, 10, 9, 8, 10, 6, 12, -1, 0, 13, 14, 4, -2, 16, 18, -3, -6, 1, 9, 15, 1, 8, 14, 2, 2, 16, 7, 13, 19]
[-8, -7, -7, -6, 6, 17, 17, 16, 10, 9, 8, 10, 7, 12, -1, 0, 13, 14, 4, -2, 16, 18, -3, -6, 1, 9, 15, 1, 8, 14, 2, 2, 16, 7, 13, 19]
[-8, -7, -7, -6, -1, 17, 17, 16, 10, 9, 8, 10, 7, 12, 6, 0, 13, 14, 4, -2, 16, 18, -3, -6, 1, 9, 15, 1, 8, 14, 2, 2, 16, 7, 13, 19]
[-8, -7, -7, -6, -2, 17, 17, 16, 10, 9, 8, 10, 7, 12, 6, 0, 13, 14, 4, -1, 16, 18, -3, -6, 1, 9, 15, 1, 8, 14, 2, 2, 16, 7, 13, 19]
[-8, -7, -7, -6, -3, 17, 17, 16, 10, 9, 8, 10, 7, 12, 6, 0, 13, 14, 4, -1, 16, 18, -2, -6, 1, 9, 15, 1, 8, 14, 2, 2, 16, 7, 13, 19]
[-8, -7, -7, -6, -6, 17, 17, 16, 10, 9, 8, 10, 7, 12, 6, 0, 13, 14, 4, -1, 16, 18, -2, -3, 1, 9, 15, 1, 8, 14, 2, 2, 16, 7, 13, 19]
[-8, -7, -7, -6, -6, 17, 17, 16, 10, 9, 8, 10, 7, 12, 6, 0, 13, 14, 4, -1, 16, 18, -2, -3, 1, 9, 15, 1, 8, 14, 2, 2, 16, 7, 13, 19]
[-8, -7, -7, -6, -6, 16, 17, 17, 10, 9, 8, 10, 7, 12, 6, 0, 13, 14, 4, -1, 16, 18, -2, -3, 1, 9, 15, 1, 8, 14, 2, 2, 16, 7, 13, 19]
[-8, -7, -7, -6, -6, 10, 17, 17, 16, 9, 8, 10, 7, 12, 6, 0, 13, 14, 4, -1, 16, 18, -2, -3, 1, 9, 15, 1, 8, 14, 2, 2, 16, 7, 13, 19]
[-8, -7, -7, -6, -6, 9, 17, 17, 16, 10, 8, 10, 7, 12, 6, 0, 13, 14, 4, -1, 16, 18, -2, -3, 1, 9, 15, 1, 8, 14, 2, 2, 16, 7, 13, 19]
[-8, -7, -7, -6, -6, 8, 17, 17, 16, 10, 9, 10, 7, 12, 6, 0, 13, 14, 4, -1, 16, 18, -2, -3, 1, 9, 15, 1, 8, 14, 2, 2, 16, 7, 13, 19]
[-8, -7, -7, -6, -6, 7, 17, 17, 16, 10, 9, 10, 8, 12, 6, 0, 13, 14, 4, -1, 16, 18, -2, -3, 1, 9, 15, 1, 8, 14, 2, 2, 16, 7, 13, 19]
[-8, -7, -7, -6, -6, 6, 17, 17, 16, 10, 9, 10, 8, 12, 7, 0, 13, 14, 4, -1, 16, 18, -2, -3, 1, 9, 15, 1, 8, 14, 2, 2, 16, 7, 13, 19]
[-8, -7, -7, -6, -6, 0, 17, 17, 16, 10, 9, 10, 8, 12, 7, 6, 13, 14, 4, -1, 16, 18, -2, -3, 1, 9, 15, 1, 8, 14, 2, 2, 16, 7, 13, 19]
[-8, -7, -7, -6, -6, -1, 17, 17, 16, 10, 9, 10, 8, 12, 7, 6, 13, 14, 4, 0, 16, 18, -2, -3, 1, 9, 15, 1, 8, 14, 2, 2, 16, 7, 13, 19]
[-8, -7, -7, -6, -6, -2, 17, 17, 16, 10, 9, 10, 8, 12, 7, 6, 13, 14, 4, 0, 16, 18, -1, -3, 1, 9, 15, 1, 8, 14, 2, 2, 16, 7, 13, 19]
[-8, -7, -7, -6, -6, -3, 17, 17, 16, 10, 9, 10, 8, 12, 7, 6, 13, 14, 4, 0, 16, 18, -1, -2, 1, 9, 15, 1, 8, 14, 2, 2, 16, 7, 13, 19]
[-8, -7, -7, -6, -6, -3, 17, 17, 16, 10, 9, 10, 8, 12, 7, 6, 13, 14, 4, 0, 16, 18, -1, -2, 1, 9, 15, 1, 8, 14, 2, 2, 16, 7, 13, 19]
[-8, -7, -7, -6, -6, -3, 16, 17, 17, 10, 9, 10, 8, 12, 7, 6, 13, 14, 4, 0, 16, 18, -1, -2, 1, 9, 15, 1, 8, 14, 2, 2, 16, 7, 13, 19]
[-8, -7, -7, -6, -6, -3, 10, 17, 17, 16, 9, 10, 8, 12, 7, 6, 13, 14, 4, 0, 16, 18, -1, -2, 1, 9, 15, 1, 8, 14, 2, 2, 16, 7, 13, 19]
[-8, -7, -7, -6, -6, -3, 9, 17, 17, 16, 10, 10, 8, 12, 7, 6, 13, 14, 4, 0, 16, 18, -1, -2, 1, 9, 15, 1, 8, 14, 2, 2, 16, 7, 13, 19]
[-8, -7, -7, -6, -6, -3, 8, 17, 17, 16, 10, 10, 9, 12, 7, 6, 13, 14, 4, 0, 16, 18, -1, -2, 1, 9, 15, 1, 8, 14, 2, 2, 16, 7, 13, 19]
[-8, -7, -7, -6, -6, -3, 7, 17, 17, 16, 10, 10, 9, 12, 8, 6, 13, 14, 4, 0, 16, 18, -1, -2, 1, 9, 15, 1, 8, 14, 2, 2, 16, 7, 13, 19]
[-8, -7, -7, -6, -6, -3, 6, 17, 17, 16, 10, 10, 9, 12, 8, 7, 13, 14, 4, 0, 16, 18, -1, -2, 1, 9, 15, 1, 8, 14, 2, 2, 16, 7, 13, 19]
[-8, -7, -7, -6, -6, -3, 4, 17, 17, 16, 10, 10, 9, 12, 8, 7, 13, 14, 6, 0, 16, 18, -1, -2, 1, 9, 15, 1, 8, 14, 2, 2, 16, 7, 13, 19]
[-8, -7, -7, -6, -6, -3, 0, 17, 17, 16, 10, 10, 9, 12, 8, 7, 13, 14, 6, 4, 16, 18, -1, -2, 1, 9, 15, 1, 8, 14, 2, 2, 16, 7, 13, 19]
[-8, -7, -7, -6, -6, -3, -1, 17, 17, 16, 10, 10, 9, 12, 8, 7, 13, 14, 6, 4, 16, 18, 0, -2, 1, 9, 15, 1, 8, 14, 2, 2, 16, 7, 13, 19]
[-8, -7, -7, -6, -6, -3, -2, 17, 17, 16, 10, 10, 9, 12, 8, 7, 13, 14, 6, 4, 16, 18, 0, -1, 1, 9, 15, 1, 8, 14, 2, 2, 16, 7, 13, 19]
[-8, -7, -7, -6, -6, -3, -2, 17, 17, 16, 10, 10, 9, 12, 8, 7, 13, 14, 6, 4, 16, 18, 0, -1, 1, 9, 15, 1, 8, 14, 2, 2, 16, 7, 13, 19]
[-8, -7, -7, -6, -6, -3, -2, 16, 17, 17, 10, 10, 9, 12, 8, 7, 13, 14, 6, 4, 16, 18, 0, -1, 1, 9, 15, 1, 8, 14, 2, 2, 16, 7, 13, 19]
[-8, -7, -7, -6, -6, -3, -2, 10, 17, 17, 16, 10, 9, 12, 8, 7, 13, 14, 6, 4, 16, 18, 0, -1, 1, 9, 15, 1, 8, 14, 2, 2, 16, 7, 13, 19]
[-8, -7, -7, -6, -6, -3, -2, 10, 17, 17, 16, 10, 9, 12, 8, 7, 13, 14, 6, 4, 16, 18, 0, -1, 1, 9, 15, 1, 8, 14, 2, 2, 16, 7, 13, 19]
[-8, -7, -7, -6, -6, -3, -2, 9, 17, 17, 16, 10, 10, 12, 8, 7, 13, 14, 6, 4, 16, 18, 0, -1, 1, 9, 15, 1, 8, 14, 2, 2, 16, 7, 13, 19]
[-8, -7, -7, -6, -6, -3, -2, 8, 17, 17, 16, 10, 10, 12, 9, 7, 13, 14, 6, 4, 16, 18, 0, -1, 1, 9, 15, 1, 8, 14, 2, 2, 16, 7, 13, 19]
[-8, -7, -7, -6, -6, -3, -2, 7, 17, 17, 16, 10, 10, 12, 9, 8, 13, 14, 6, 4, 16, 18, 0, -1, 1, 9, 15, 1, 8, 14, 2, 2, 16, 7, 13, 19]
[-8, -7, -7, -6, -6, -3, -2, 6, 17, 17, 16, 10, 10, 12, 9, 8, 13, 14, 7, 4, 16, 18, 0, -1, 1, 9, 15, 1, 8, 14, 2, 2, 16, 7, 13, 19]
[-8, -7, -7, -6, -6, -3, -2, 4, 17, 17, 16, 10, 10, 12, 9, 8, 13, 14, 7, 6, 16, 18, 0, -1, 1, 9, 15, 1, 8, 14, 2, 2, 16, 7, 13, 19]
[-8, -7, -7, -6, -6, -3, -2, 0, 17, 17, 16, 10, 10, 12, 9, 8, 13, 14, 7, 6, 16, 18, 4, -1, 1, 9, 15, 1, 8, 14, 2, 2, 16, 7, 13, 19]
[-8, -7, -7, -6, -6, -3, -2, -1, 17, 17, 16, 10, 10, 12, 9, 8, 13, 14, 7, 6, 16, 18, 4, 0, 1, 9, 15, 1, 8, 14, 2, 2, 16, 7, 13, 19]
[-8, -7, -7, -6, -6, -3, -2, -1, 17, 17, 16, 10, 10, 12, 9, 8, 13, 14, 7, 6, 16, 18, 4, 0, 1, 9, 15, 1, 8, 14, 2, 2, 16, 7, 13, 19]
[-8, -7, -7, -6, -6, -3, -2, -1, 16, 17, 17, 10, 10, 12, 9, 8, 13, 14, 7, 6, 16, 18, 4, 0, 1, 9, 15, 1, 8, 14, 2, 2, 16, 7, 13, 19]
[-8, -7, -7, -6, -6, -3, -2, -1, 10, 17, 17, 16, 10, 12, 9, 8, 13, 14, 7, 6, 16, 18, 4, 0, 1, 9, 15, 1, 8, 14, 2, 2, 16, 7, 13, 19]
[-8, -7, -7, -6, -6, -3, -2, -1, 10, 17, 17, 16, 10, 12, 9, 8, 13, 14, 7, 6, 16, 18, 4, 0, 1, 9, 15, 1, 8, 14, 2, 2, 16, 7, 13, 19]
[-8, -7, -7, -6, -6, -3, -2, -1, 9, 17, 17, 16, 10, 12, 10, 8, 13, 14, 7, 6, 16, 18, 4, 0, 1, 9, 15, 1, 8, 14, 2, 2, 16, 7, 13, 19]
[-8, -7, -7, -6, -6, -3, -2, -1, 8, 17, 17, 16, 10, 12, 10, 9, 13, 14, 7, 6, 16, 18, 4, 0, 1, 9, 15, 1, 8, 14, 2, 2, 16, 7, 13, 19]
[-8, -7, -7, -6, -6, -3, -2, -1, 7, 17, 17, 16, 10, 12, 10, 9, 13, 14, 8, 6, 16, 18, 4, 0, 1, 9, 15, 1, 8, 14, 2, 2, 16, 7, 13, 19]
[-8, -7, -7, -6, -6, -3, -2, -1, 6, 17, 17, 16, 10, 12, 10, 9, 13, 14, 8, 7, 16, 18, 4, 0, 1, 9, 15, 1, 8, 14, 2, 2, 16, 7, 13, 19]
[-8, -7, -7, -6, -6, -3, -2, -1, 4, 17, 17, 16, 10, 12, 10, 9, 13, 14, 8, 7, 16, 18, 6, 0, 1, 9, 15, 1, 8, 14, 2, 2, 16, 7, 13, 19]
[-8, -7, -7, -6, -6, -3, -2, -1, 0, 17, 17, 16, 10, 12, 10, 9, 13, 14, 8, 7, 16, 18, 6, 4, 1, 9, 15, 1, 8, 14, 2, 2, 16, 7, 13, 19]
[-8, -7, -7, -6, -6, -3, -2, -1, 0, 17, 17, 16, 10, 12, 10, 9, 13, 14, 8, 7, 16, 18, 6, 4, 1, 9, 15, 1, 8, 14, 2, 2, 16, 7, 13, 19]
[-8, -7, -7, -6, -6, -3, -2, -1, 0, 16, 17, 17, 10, 12, 10, 9, 13, 14, 8, 7, 16, 18, 6, 4, 1, 9, 15, 1, 8, 14, 2, 2, 16, 7, 13, 19]
[-8, -7, -7, -6, -6, -3, -2, -1, 0, 10, 17, 17, 16, 12, 10, 9, 13, 14, 8, 7, 16, 18, 6, 4, 1, 9, 15, 1, 8, 14, 2, 2, 16, 7, 13, 19]
[-8, -7, -7, -6, -6, -3, -2, -1, 0, 10, 17, 17, 16, 12, 10, 9, 13, 14, 8, 7, 16, 18, 6, 4, 1, 9, 15, 1, 8, 14, 2, 2, 16, 7, 13, 19]
[-8, -7, -7, -6, -6, -3, -2, -1, 0, 9, 17, 17, 16, 12, 10, 10, 13, 14, 8, 7, 16, 18, 6, 4, 1, 9, 15, 1, 8, 14, 2, 2, 16, 7, 13, 19]
[-8, -7, -7, -6, -6, -3, -2, -1, 0, 8, 17, 17, 16, 12, 10, 10, 13, 14, 9, 7, 16, 18, 6, 4, 1, 9, 15, 1, 8, 14, 2, 2, 16, 7, 13, 19]
[-8, -7, -7, -6, -6, -3, -2, -1, 0, 7, 17, 17, 16, 12, 10, 10, 13, 14, 9, 8, 16, 18, 6, 4, 1, 9, 15, 1, 8, 14, 2, 2, 16, 7, 13, 19]
[-8, -7, -7, -6, -6, -3, -2, -1, 0, 6, 17, 17, 16, 12, 10, 10, 13, 14, 9, 8, 16, 18, 7, 4, 1, 9, 15, 1, 8, 14, 2, 2, 16, 7, 13, 19]
[-8, -7, -7, -6, -6, -3, -2, -1, 0, 4, 17, 17, 16, 12, 10, 10, 13, 14, 9, 8, 16, 18, 7, 6, 1, 9, 15, 1, 8, 14, 2, 2, 16, 7, 13, 19]
[-8, -7, -7, -6, -6, -3, -2, -1, 0, 1, 17, 17, 16, 12, 10, 10, 13, 14, 9, 8, 16, 18, 7, 6, 4, 9, 15, 1, 8, 14, 2, 2, 16, 7, 13, 19]
[-8, -7, -7, -6, -6, -3, -2, -1, 0, 1, 17, 17, 16, 12, 10, 10, 13, 14, 9, 8, 16, 18, 7, 6, 4, 9, 15, 1, 8, 14, 2, 2, 16, 7, 13, 19]
[-8, -7, -7, -6, -6, -3, -2, -1, 0, 1, 17, 17, 16, 12, 10, 10, 13, 14, 9, 8, 16, 18, 7, 6, 4, 9, 15, 1, 8, 14, 2, 2, 16, 7, 13, 19]
[-8, -7, -7, -6, -6, -3, -2, -1, 0, 1, 16, 17, 17, 12, 10, 10, 13, 14, 9, 8, 16, 18, 7, 6, 4, 9, 15, 1, 8, 14, 2, 2, 16, 7, 13, 19]
[-8, -7, -7, -6, -6, -3, -2, -1, 0, 1, 12, 17, 17, 16, 10, 10, 13, 14, 9, 8, 16, 18, 7, 6, 4, 9, 15, 1, 8, 14, 2, 2, 16, 7, 13, 19]
[-8, -7, -7, -6, -6, -3, -2, -1, 0, 1, 10, 17, 17, 16, 12, 10, 13, 14, 9, 8, 16, 18, 7, 6, 4, 9, 15, 1, 8, 14, 2, 2, 16, 7, 13, 19]
[-8, -7, -7, -6, -6, -3, -2, -1, 0, 1, 10, 17, 17, 16, 12, 10, 13, 14, 9, 8, 16, 18, 7, 6, 4, 9, 15, 1, 8, 14, 2, 2, 16, 7, 13, 19]
[-8, -7, -7, -6, -6, -3, -2, -1, 0, 1, 9, 17, 17, 16, 12, 10, 13, 14, 10, 8, 16, 18, 7, 6, 4, 9, 15, 1, 8, 14, 2, 2, 16, 7, 13, 19]
[-8, -7, -7, -6, -6, -3, -2, -1, 0, 1, 8, 17, 17, 16, 12, 10, 13, 14, 10, 9, 16, 18, 7, 6, 4, 9, 15, 1, 8, 14, 2, 2, 16, 7, 13, 19]
[-8, -7, -7, -6, -6, -3, -2, -1, 0, 1, 7, 17, 17, 16, 12, 10, 13, 14, 10, 9, 16, 18, 8, 6, 4, 9, 15, 1, 8, 14, 2, 2, 16, 7, 13, 19]
[-8, -7, -7, -6, -6, -3, -2, -1, 0, 1, 6, 17, 17, 16, 12, 10, 13, 14, 10, 9, 16, 18, 8, 7, 4, 9, 15, 1, 8, 14, 2, 2, 16, 7, 13, 19]
[-8, -7, -7, -6, -6, -3, -2, -1, 0, 1, 4, 17, 17, 16, 12, 10, 13, 14, 10, 9, 16, 18, 8, 7, 6, 9, 15, 1, 8, 14, 2, 2, 16, 7, 13, 19]
[-8, -7, -7, -6, -6, -3, -2, -1, 0, 1, 1, 17, 17, 16, 12, 10, 13, 14, 10, 9, 16, 18, 8, 7, 6, 9, 15, 4, 8, 14, 2, 2, 16, 7, 13, 19]
[-8, -7, -7, -6, -6, -3, -2, -1, 0, 1, 1, 17, 17, 16, 12, 10, 13, 14, 10, 9, 16, 18, 8, 7, 6, 9, 15, 4, 8, 14, 2, 2, 16, 7, 13, 19]
[-8, -7, -7, -6, -6, -3, -2, -1, 0, 1, 1, 16, 17, 17, 12, 10, 13, 14, 10, 9, 16, 18, 8, 7, 6, 9, 15, 4, 8, 14, 2, 2, 16, 7, 13, 19]
[-8, -7, -7, -6, -6, -3, -2, -1, 0, 1, 1, 12, 17, 17, 16, 10, 13, 14, 10, 9, 16, 18, 8, 7, 6, 9, 15, 4, 8, 14, 2, 2, 16, 7, 13, 19]
[-8, -7, -7, -6, -6, -3, -2, -1, 0, 1, 1, 10, 17, 17, 16, 12, 13, 14, 10, 9, 16, 18, 8, 7, 6, 9, 15, 4, 8, 14, 2, 2, 16, 7, 13, 19]
[-8, -7, -7, -6, -6, -3, -2, -1, 0, 1, 1, 10, 17, 17, 16, 12, 13, 14, 10, 9, 16, 18, 8, 7, 6, 9, 15, 4, 8, 14, 2, 2, 16, 7, 13, 19]
[-8, -7, -7, -6, -6, -3, -2, -1, 0, 1, 1, 9, 17, 17, 16, 12, 13, 14, 10, 10, 16, 18, 8, 7, 6, 9, 15, 4, 8, 14, 2, 2, 16, 7, 13, 19]
[-8, -7, -7, -6, -6, -3, -2, -1, 0, 1, 1, 8, 17, 17, 16, 12, 13, 14, 10, 10, 16, 18, 9, 7, 6, 9, 15, 4, 8, 14, 2, 2, 16, 7, 13, 19]
[-8, -7, -7, -6, -6, -3, -2, -1, 0, 1, 1, 7, 17, 17, 16, 12, 13, 14, 10, 10, 16, 18, 9, 8, 6, 9, 15, 4, 8, 14, 2, 2, 16, 7, 13, 19]
[-8, -7, -7, -6, -6, -3, -2, -1, 0, 1, 1, 6, 17, 17, 16, 12, 13, 14, 10, 10, 16, 18, 9, 8, 7, 9, 15, 4, 8, 14, 2, 2, 16, 7, 13, 19]
[-8, -7, -7, -6, -6, -3, -2, -1, 0, 1, 1, 4, 17, 17, 16, 12, 13, 14, 10, 10, 16, 18, 9, 8, 7, 9, 15, 6, 8, 14, 2, 2, 16, 7, 13, 19]
[-8, -7, -7, -6, -6, -3, -2, -1, 0, 1, 1, 2, 17, 17, 16, 12, 13, 14, 10, 10, 16, 18, 9, 8, 7, 9, 15, 6, 8, 14, 4, 2, 16, 7, 13, 19]
[-8, -7, -7, -6, -6, -3, -2, -1, 0, 1, 1, 2, 17, 17, 16, 12, 13, 14, 10, 10, 16, 18, 9, 8, 7, 9, 15, 6, 8, 14, 4, 2, 16, 7, 13, 19]
[-8, -7, -7, -6, -6, -3, -2, -1, 0, 1, 1, 2, 17, 17, 16, 12, 13, 14, 10, 10, 16, 18, 9, 8, 7, 9, 15, 6, 8, 14, 4, 2, 16, 7, 13, 19]
[-8, -7, -7, -6, -6, -3, -2, -1, 0, 1, 1, 2, 16, 17, 17, 12, 13, 14, 10, 10, 16, 18, 9, 8, 7, 9, 15, 6, 8, 14, 4, 2, 16, 7, 13, 19]
[-8, -7, -7, -6, -6, -3, -2, -1, 0, 1, 1, 2, 12, 17, 17, 16, 13, 14, 10, 10, 16, 18, 9, 8, 7, 9, 15, 6, 8, 14, 4, 2, 16, 7, 13, 19]
[-8, -7, -7, -6, -6, -3, -2, -1, 0, 1, 1, 2, 10, 17, 17, 16, 13, 14, 12, 10, 16, 18, 9, 8, 7, 9, 15, 6, 8, 14, 4, 2, 16, 7, 13, 19]
[-8, -7, -7, -6, -6, -3, -2, -1, 0, 1, 1, 2, 10, 17, 17, 16, 13, 14, 12, 10, 16, 18, 9, 8, 7, 9, 15, 6, 8, 14, 4, 2, 16, 7, 13, 19]
[-8, -7, -7, -6, -6, -3, -2, -1, 0, 1, 1, 2, 9, 17, 17, 16, 13, 14, 12, 10, 16, 18, 10, 8, 7, 9, 15, 6, 8, 14, 4, 2, 16, 7, 13, 19]
[-8, -7, -7, -6, -6, -3, -2, -1, 0, 1, 1, 2, 8, 17, 17, 16, 13, 14, 12, 10, 16, 18, 10, 9, 7, 9, 15, 6, 8, 14, 4, 2, 16, 7, 13, 19]
[-8, -7, -7, -6, -6, -3, -2, -1, 0, 1, 1, 2, 7, 17, 17, 16, 13, 14, 12, 10, 16, 18, 10, 9, 8, 9, 15, 6, 8, 14, 4, 2, 16, 7, 13, 19]
[-8, -7, -7, -6, -6, -3, -2, -1, 0, 1, 1, 2, 6, 17, 17, 16, 13, 14, 12, 10, 16, 18, 10, 9, 8, 9, 15, 7, 8, 14, 4, 2, 16, 7, 13, 19]
[-8, -7, -7, -6, -6, -3, -2, -1, 0, 1, 1, 2, 4, 17, 17, 16, 13, 14, 12, 10, 16, 18, 10, 9, 8, 9, 15, 7, 8, 14, 6, 2, 16, 7, 13, 19]
[-8, -7, -7, -6, -6, -3, -2, -1, 0, 1, 1, 2, 2, 17, 17, 16, 13, 14, 12, 10, 16, 18, 10, 9, 8, 9, 15, 7, 8, 14, 6, 4, 16, 7, 13, 19]
[-8, -7, -7, -6, -6, -3, -2, -1, 0, 1, 1, 2, 2, 17, 17, 16, 13, 14, 12, 10, 16, 18, 10, 9, 8, 9, 15, 7, 8, 14, 6, 4, 16, 7, 13, 19]
[-8, -7, -7, -6, -6, -3, -2, -1, 0, 1, 1, 2, 2, 16, 17, 17, 13, 14, 12, 10, 16, 18, 10, 9, 8, 9, 15, 7, 8, 14, 6, 4, 16, 7, 13, 19]
[-8, -7, -7, -6, -6, -3, -2, -1, 0, 1, 1, 2, 2, 13, 17, 17, 16, 14, 12, 10, 16, 18, 10, 9, 8, 9, 15, 7, 8, 14, 6, 4, 16, 7, 13, 19]
[-8, -7, -7, -6, -6, -3, -2, -1, 0, 1, 1, 2, 2, 12, 17, 17, 16, 14, 13, 10, 16, 18, 10, 9, 8, 9, 15, 7, 8, 14, 6, 4, 16, 7, 13, 19]
[-8, -7, -7, -6, -6, -3, -2, -1, 0, 1, 1, 2, 2, 10, 17, 17, 16, 14, 13, 12, 16, 18, 10, 9, 8, 9, 15, 7, 8, 14, 6, 4, 16, 7, 13, 19]
[-8, -7, -7, -6, -6, -3, -2, -1, 0, 1, 1, 2, 2, 10, 17, 17, 16, 14, 13, 12, 16, 18, 10, 9, 8, 9, 15, 7, 8, 14, 6, 4, 16, 7, 13, 19]
[-8, -7, -7, -6, -6, -3, -2, -1, 0, 1, 1, 2, 2, 9, 17, 17, 16, 14, 13, 12, 16, 18, 10, 10, 8, 9, 15, 7, 8, 14, 6, 4, 16, 7, 13, 19]
[-8, -7, -7, -6, -6, -3, -2, -1, 0, 1, 1, 2, 2, 8, 17, 17, 16, 14, 13, 12, 16, 18, 10, 10, 9, 9, 15, 7, 8, 14, 6, 4, 16, 7, 13, 19]
[-8, -7, -7, -6, -6, -3, -2, -1, 0, 1, 1, 2, 2, 7, 17, 17, 16, 14, 13, 12, 16, 18, 10, 10, 9, 9, 15, 8, 8, 14, 6, 4, 16, 7, 13, 19]
[-8, -7, -7, -6, -6, -3, -2, -1, 0, 1, 1, 2, 2, 6, 17, 17, 16, 14, 13, 12, 16, 18, 10, 10, 9, 9, 15, 8, 8, 14, 7, 4, 16, 7, 13, 19]
[-8, -7, -7, -6, -6, -3, -2, -1, 0, 1, 1, 2, 2, 4, 17, 17, 16, 14, 13, 12, 16, 18, 10, 10, 9, 9, 15, 8, 8, 14, 7, 6, 16, 7, 13, 19]
[-8, -7, -7, -6, -6, -3, -2, -1, 0, 1, 1, 2, 2, 4, 17, 17, 16, 14, 13, 12, 16, 18, 10, 10, 9, 9, 15, 8, 8, 14, 7, 6, 16, 7, 13, 19]
[-8, -7, -7, -6, -6, -3, -2, -1, 0, 1, 1, 2, 2, 4, 16, 17, 17, 14, 13, 12, 16, 18, 10, 10, 9, 9, 15, 8, 8, 14, 7, 6, 16, 7, 13, 19]
[-8, -7, -7, -6, -6, -3, -2, -1, 0, 1, 1, 2, 2, 4, 14, 17, 17, 16, 13, 12, 16, 18, 10, 10, 9, 9, 15, 8, 8, 14, 7, 6, 16, 7, 13, 19]
[-8, -7, -7, -6, -6, -3, -2, -1, 0, 1, 1, 2, 2, 4, 13, 17, 17, 16, 14, 12, 16, 18, 10, 10, 9, 9, 15, 8, 8, 14, 7, 6, 16, 7, 13, 19]
[-8, -7, -7, -6, -6, -3, -2, -1, 0, 1, 1, 2, 2, 4, 12, 17, 17, 16, 14, 13, 16, 18, 10, 10, 9, 9, 15, 8, 8, 14, 7, 6, 16, 7, 13, 19]
[-8, -7, -7, -6, -6, -3, -2, -1, 0, 1, 1, 2, 2, 4, 10, 17, 17, 16, 14, 13, 16, 18, 12, 10, 9, 9, 15, 8, 8, 14, 7, 6, 16, 7, 13, 19]
[-8, -7, -7, -6, -6, -3, -2, -1, 0, 1, 1, 2, 2, 4, 10, 17, 17, 16, 14, 13, 16, 18, 12, 10, 9, 9, 15, 8, 8, 14, 7, 6, 16, 7, 13, 19]
[-8, -7, -7, -6, -6, -3, -2, -1, 0, 1, 1, 2, 2, 4, 9, 17, 17, 16, 14, 13, 16, 18, 12, 10, 10, 9, 15, 8, 8, 14, 7, 6, 16, 7, 13, 19]
[-8, -7, -7, -6, -6, -3, -2, -1, 0, 1, 1, 2, 2, 4, 9, 17, 17, 16, 14, 13, 16, 18, 12, 10, 10, 9, 15, 8, 8, 14, 7, 6, 16, 7, 13, 19]
[-8, -7, -7, -6, -6, -3, -2, -1, 0, 1, 1, 2, 2, 4, 8, 17, 17, 16, 14, 13, 16, 18, 12, 10, 10, 9, 15, 9, 8, 14, 7, 6, 16, 7, 13, 19]
[-8, -7, -7, -6, -6, -3, -2, -1, 0, 1, 1, 2, 2, 4, 8, 17, 17, 16, 14, 13, 16, 18, 12, 10, 10, 9, 15, 9, 8, 14, 7, 6, 16, 7, 13, 19]
[-8, -7, -7, -6, -6, -3, -2, -1, 0, 1, 1, 2, 2, 4, 7, 17, 17, 16, 14, 13, 16, 18, 12, 10, 10, 9, 15, 9, 8, 14, 8, 6, 16, 7, 13, 19]
[-8, -7, -7, -6, -6, -3, -2, -1, 0, 1, 1, 2, 2, 4, 6, 17, 17, 16, 14, 13, 16, 18, 12, 10, 10, 9, 15, 9, 8, 14, 8, 7, 16, 7, 13, 19]
[-8, -7, -7, -6, -6, -3, -2, -1, 0, 1, 1, 2, 2, 4, 6, 17, 17, 16, 14, 13, 16, 18, 12, 10, 10, 9, 15, 9, 8, 14, 8, 7, 16, 7, 13, 19]
[-8, -7, -7, -6, -6, -3, -2, -1, 0, 1, 1, 2, 2, 4, 6, 16, 17, 17, 14, 13, 16, 18, 12, 10, 10, 9, 15, 9, 8, 14, 8, 7, 16, 7, 13, 19]
[-8, -7, -7, -6, -6, -3, -2, -1, 0, 1, 1, 2, 2, 4, 6, 14, 17, 17, 16, 13, 16, 18, 12, 10, 10, 9, 15, 9, 8, 14, 8, 7, 16, 7, 13, 19]
[-8, -7, -7, -6, -6, -3, -2, -1, 0, 1, 1, 2, 2, 4, 6, 13, 17, 17, 16, 14, 16, 18, 12, 10, 10, 9, 15, 9, 8, 14, 8, 7, 16, 7, 13, 19]
[-8, -7, -7, -6, -6, -3, -2, -1, 0, 1, 1, 2, 2, 4, 6, 12, 17, 17, 16, 14, 16, 18, 13, 10, 10, 9, 15, 9, 8, 14, 8, 7, 16, 7, 13, 19]
[-8, -7, -7, -6, -6, -3, -2, -1, 0, 1, 1, 2, 2, 4, 6, 10, 17, 17, 16, 14, 16, 18, 13, 12, 10, 9, 15, 9, 8, 14, 8, 7, 16, 7, 13, 19]
[-8, -7, -7, -6, -6, -3, -2, -1, 0, 1, 1, 2, 2, 4, 6, 10, 17, 17, 16, 14, 16, 18, 13, 12, 10, 9, 15, 9, 8, 14, 8, 7, 16, 7, 13, 19]
[-8, -7, -7, -6, -6, -3, -2, -1, 0, 1, 1, 2, 2, 4, 6, 9, 17, 17, 16, 14, 16, 18, 13, 12, 10, 10, 15, 9, 8, 14, 8, 7, 16, 7, 13, 19]
[-8, -7, -7, -6, -6, -3, -2, -1, 0, 1, 1, 2, 2, 4, 6, 9, 17, 17, 16, 14, 16, 18, 13, 12, 10, 10, 15, 9, 8, 14, 8, 7, 16, 7, 13, 19]
[-8, -7, -7, -6, -6, -3, -2, -1, 0, 1, 1, 2, 2, 4, 6, 8, 17, 17, 16, 14, 16, 18, 13, 12, 10, 10, 15, 9, 9, 14, 8, 7, 16, 7, 13, 19]
[-8, -7, -7, -6, -6, -3, -2, -1, 0, 1, 1, 2, 2, 4, 6, 8, 17, 17, 16, 14, 16, 18, 13, 12, 10, 10, 15, 9, 9, 14, 8, 7, 16, 7, 13, 19]
[-8, -7, -7, -6, -6, -3, -2, -1, 0, 1, 1, 2, 2, 4, 6, 7, 17, 17, 16, 14, 16, 18, 13, 12, 10, 10, 15, 9, 9, 14, 8, 8, 16, 7, 13, 19]
[-8, -7, -7, -6, -6, -3, -2, -1, 0, 1, 1, 2, 2, 4, 6, 7, 17, 17, 16, 14, 16, 18, 13, 12, 10, 10, 15, 9, 9, 14, 8, 8, 16, 7, 13, 19]
[-8, -7, -7, -6, -6, -3, -2, -1, 0, 1, 1, 2, 2, 4, 6, 7, 17, 17, 16, 14, 16, 18, 13, 12, 10, 10, 15, 9, 9, 14, 8, 8, 16, 7, 13, 19]
[-8, -7, -7, -6, -6, -3, -2, -1, 0, 1, 1, 2, 2, 4, 6, 7, 16, 17, 17, 14, 16, 18, 13, 12, 10, 10, 15, 9, 9, 14, 8, 8, 16, 7, 13, 19]
[-8, -7, -7, -6, -6, -3, -2, -1, 0, 1, 1, 2, 2, 4, 6, 7, 14, 17, 17, 16, 16, 18, 13, 12, 10, 10, 15, 9, 9, 14, 8, 8, 16, 7, 13, 19]
[-8, -7, -7, -6, -6, -3, -2, -1, 0, 1, 1, 2, 2, 4, 6, 7, 13, 17, 17, 16, 16, 18, 14, 12, 10, 10, 15, 9, 9, 14, 8, 8, 16, 7, 13, 19]
[-8, -7, -7, -6, -6, -3, -2, -1, 0, 1, 1, 2, 2, 4, 6, 7, 12, 17, 17, 16, 16, 18, 14, 13, 10, 10, 15, 9, 9, 14, 8, 8, 16, 7, 13, 19]
[-8, -7, -7, -6, -6, -3, -2, -1, 0, 1, 1, 2, 2, 4, 6, 7, 10, 17, 17, 16, 16, 18, 14, 13, 12, 10, 15, 9, 9, 14, 8, 8, 16, 7, 13, 19]
[-8, -7, -7, -6, -6, -3, -2, -1, 0, 1, 1, 2, 2, 4, 6, 7, 10, 17, 17, 16, 16, 18, 14, 13, 12, 10, 15, 9, 9, 14, 8, 8, 16, 7, 13, 19]
[-8, -7, -7, -6, -6, -3, -2, -1, 0, 1, 1, 2, 2, 4, 6, 7, 9, 17, 17, 16, 16, 18, 14, 13, 12, 10, 15, 10, 9, 14, 8, 8, 16, 7, 13, 19]
[-8, -7, -7, -6, -6, -3, -2, -1, 0, 1, 1, 2, 2, 4, 6, 7, 9, 17, 17, 16, 16, 18, 14, 13, 12, 10, 15, 10, 9, 14, 8, 8, 16, 7, 13, 19]
[-8, -7, -7, -6, -6, -3, -2, -1, 0, 1, 1, 2, 2, 4, 6, 7, 8, 17, 17, 16, 16, 18, 14, 13, 12, 10, 15, 10, 9, 14, 9, 8, 16, 7, 13, 19]
[-8, -7, -7, -6, -6, -3, -2, -1, 0, 1, 1, 2, 2, 4, 6, 7, 8, 17, 17, 16, 16, 18, 14, 13, 12, 10, 15, 10, 9, 14, 9, 8, 16, 7, 13, 19]
[-8, -7, -7, -6, -6, -3, -2, -1, 0, 1, 1, 2, 2, 4, 6, 7, 7, 17, 17, 16, 16, 18, 14, 13, 12, 10, 15, 10, 9, 14, 9, 8, 16, 8, 13, 19]
[-8, -7, -7, -6, -6, -3, -2, -1, 0, 1, 1, 2, 2, 4, 6, 7, 7, 17, 17, 16, 16, 18, 14, 13, 12, 10, 15, 10, 9, 14, 9, 8, 16, 8, 13, 19]
[-8, -7, -7, -6, -6, -3, -2, -1, 0, 1, 1, 2, 2, 4, 6, 7, 7, 16, 17, 17, 16, 18, 14, 13, 12, 10, 15, 10, 9, 14, 9, 8, 16, 8, 13, 19]
[-8, -7, -7, -6, -6, -3, -2, -1, 0, 1, 1, 2, 2, 4, 6, 7, 7, 16, 17, 17, 16, 18, 14, 13, 12, 10, 15, 10, 9, 14, 9, 8, 16, 8, 13, 19]
[-8, -7, -7, -6, -6, -3, -2, -1, 0, 1, 1, 2, 2, 4, 6, 7, 7, 14, 17, 17, 16, 18, 16, 13, 12, 10, 15, 10, 9, 14, 9, 8, 16, 8, 13, 19]
[-8, -7, -7, -6, -6, -3, -2, -1, 0, 1, 1, 2, 2, 4, 6, 7, 7, 13, 17, 17, 16, 18, 16, 14, 12, 10, 15, 10, 9, 14, 9, 8, 16, 8, 13, 19]
[-8, -7, -7, -6, -6, -3, -2, -1, 0, 1, 1, 2, 2, 4, 6, 7, 7, 12, 17, 17, 16, 18, 16, 14, 13, 10, 15, 10, 9, 14, 9, 8, 16, 8, 13, 19]
[-8, -7, -7, -6, -6, -3, -2, -1, 0, 1, 1, 2, 2, 4, 6, 7, 7, 10, 17, 17, 16, 18, 16, 14, 13, 12, 15, 10, 9, 14, 9, 8, 16, 8, 13, 19]
[-8, -7, -7, -6, -6, -3, -2, -1, 0, 1, 1, 2, 2, 4, 6, 7, 7, 10, 17, 17, 16, 18, 16, 14, 13, 12, 15, 10, 9, 14, 9, 8, 16, 8, 13, 19]
[-8, -7, -7, -6, -6, -3, -2, -1, 0, 1, 1, 2, 2, 4, 6, 7, 7, 9, 17, 17, 16, 18, 16, 14, 13, 12, 15, 10, 10, 14, 9, 8, 16, 8, 13, 19]
[-8, -7, -7, -6, -6, -3, -2, -1, 0, 1, 1, 2, 2, 4, 6, 7, 7, 9, 17, 17, 16, 18, 16, 14, 13, 12, 15, 10, 10, 14, 9, 8, 16, 8, 13, 19]
[-8, -7, -7, -6, -6, -3, -2, -1, 0, 1, 1, 2, 2, 4, 6, 7, 7, 8, 17, 17, 16, 18, 16, 14, 13, 12, 15, 10, 10, 14, 9, 9, 16, 8, 13, 19]
[-8, -7, -7, -6, -6, -3, -2, -1, 0, 1, 1, 2, 2, 4, 6, 7, 7, 8, 17, 17, 16, 18, 16, 14, 13, 12, 15, 10, 10, 14, 9, 9, 16, 8, 13, 19]
[-8, -7, -7, -6, -6, -3, -2, -1, 0, 1, 1, 2, 2, 4, 6, 7, 7, 8, 17, 17, 16, 18, 16, 14, 13, 12, 15, 10, 10, 14, 9, 9, 16, 8, 13, 19]
[-8, -7, -7, -6, -6, -3, -2, -1, 0, 1, 1, 2, 2, 4, 6, 7, 7, 8, 16, 17, 17, 18, 16, 14, 13, 12, 15, 10, 10, 14, 9, 9, 16, 8, 13, 19]
[-8, -7, -7, -6, -6, -3, -2, -1, 0, 1, 1, 2, 2, 4, 6, 7, 7, 8, 16, 17, 17, 18, 16, 14, 13, 12, 15, 10, 10, 14, 9, 9, 16, 8, 13, 19]
[-8, -7, -7, -6, -6, -3, -2, -1, 0, 1, 1, 2, 2, 4, 6, 7, 7, 8, 14, 17, 17, 18, 16, 16, 13, 12, 15, 10, 10, 14, 9, 9, 16, 8, 13, 19]
[-8, -7, -7, -6, -6, -3, -2, -1, 0, 1, 1, 2, 2, 4, 6, 7, 7, 8, 13, 17, 17, 18, 16, 16, 14, 12, 15, 10, 10, 14, 9, 9, 16, 8, 13, 19]
[-8, -7, -7, -6, -6, -3, -2, -1, 0, 1, 1, 2, 2, 4, 6, 7, 7, 8, 12, 17, 17, 18, 16, 16, 14, 13, 15, 10, 10, 14, 9, 9, 16, 8, 13, 19]
[-8, -7, -7, -6, -6, -3, -2, -1, 0, 1, 1, 2, 2, 4, 6, 7, 7, 8, 10, 17, 17, 18, 16, 16, 14, 13, 15, 12, 10, 14, 9, 9, 16, 8, 13, 19]
[-8, -7, -7, -6, -6, -3, -2, -1, 0, 1, 1, 2, 2, 4, 6, 7, 7, 8, 10, 17, 17, 18, 16, 16, 14, 13, 15, 12, 10, 14, 9, 9, 16, 8, 13, 19]
[-8, -7, -7, -6, -6, -3, -2, -1, 0, 1, 1, 2, 2, 4, 6, 7, 7, 8, 9, 17, 17, 18, 16, 16, 14, 13, 15, 12, 10, 14, 10, 9, 16, 8, 13, 19]
[-8, -7, -7, -6, -6, -3, -2, -1, 0, 1, 1, 2, 2, 4, 6, 7, 7, 8, 9, 17, 17, 18, 16, 16, 14, 13, 15, 12, 10, 14, 10, 9, 16, 8, 13, 19]
[-8, -7, -7, -6, -6, -3, -2, -1, 0, 1, 1, 2, 2, 4, 6, 7, 7, 8, 8, 17, 17, 18, 16, 16, 14, 13, 15, 12, 10, 14, 10, 9, 16, 9, 13, 19]
[-8, -7, -7, -6, -6, -3, -2, -1, 0, 1, 1, 2, 2, 4, 6, 7, 7, 8, 8, 17, 17, 18, 16, 16, 14, 13, 15, 12, 10, 14, 10, 9, 16, 9, 13, 19]
[-8, -7, -7, -6, -6, -3, -2, -1, 0, 1, 1, 2, 2, 4, 6, 7, 7, 8, 8, 16, 17, 18, 17, 16, 14, 13, 15, 12, 10, 14, 10, 9, 16, 9, 13, 19]
[-8, -7, -7, -6, -6, -3, -2, -1, 0, 1, 1, 2, 2, 4, 6, 7, 7, 8, 8, 16, 17, 18, 17, 16, 14, 13, 15, 12, 10, 14, 10, 9, 16, 9, 13, 19]
[-8, -7, -7, -6, -6, -3, -2, -1, 0, 1, 1, 2, 2, 4, 6, 7, 7, 8, 8, 14, 17, 18, 17, 16, 16, 13, 15, 12, 10, 14, 10, 9, 16, 9, 13, 19]
[-8, -7, -7, -6, -6, -3, -2, -1, 0, 1, 1, 2, 2, 4, 6, 7, 7, 8, 8, 13, 17, 18, 17, 16, 16, 14, 15, 12, 10, 14, 10, 9, 16, 9, 13, 19]
[-8, -7, -7, -6, -6, -3, -2, -1, 0, 1, 1, 2, 2, 4, 6, 7, 7, 8, 8, 12, 17, 18, 17, 16, 16, 14, 15, 13, 10, 14, 10, 9, 16, 9, 13, 19]
[-8, -7, -7, -6, -6, -3, -2, -1, 0, 1, 1, 2, 2, 4, 6, 7, 7, 8, 8, 10, 17, 18, 17, 16, 16, 14, 15, 13, 12, 14, 10, 9, 16, 9, 13, 19]
[-8, -7, -7, -6, -6, -3, -2, -1, 0, 1, 1, 2, 2, 4, 6, 7, 7, 8, 8, 10, 17, 18, 17, 16, 16, 14, 15, 13, 12, 14, 10, 9, 16, 9, 13, 19]
[-8, -7, -7, -6, -6, -3, -2, -1, 0, 1, 1, 2, 2, 4, 6, 7, 7, 8, 8, 9, 17, 18, 17, 16, 16, 14, 15, 13, 12, 14, 10, 10, 16, 9, 13, 19]
[-8, -7, -7, -6, -6, -3, -2, -1, 0, 1, 1, 2, 2, 4, 6, 7, 7, 8, 8, 9, 17, 18, 17, 16, 16, 14, 15, 13, 12, 14, 10, 10, 16, 9, 13, 19]
[-8, -7, -7, -6, -6, -3, -2, -1, 0, 1, 1, 2, 2, 4, 6, 7, 7, 8, 8, 9, 17, 18, 17, 16, 16, 14, 15, 13, 12, 14, 10, 10, 16, 9, 13, 19]
[-8, -7, -7, -6, -6, -3, -2, -1, 0, 1, 1, 2, 2, 4, 6, 7, 7, 8, 8, 9, 16, 18, 17, 17, 16, 14, 15, 13, 12, 14, 10, 10, 16, 9, 13, 19]
[-8, -7, -7, -6, -6, -3, -2, -1, 0, 1, 1, 2, 2, 4, 6, 7, 7, 8, 8, 9, 16, 18, 17, 17, 16, 14, 15, 13, 12, 14, 10, 10, 16, 9, 13, 19]
[-8, -7, -7, -6, -6, -3, -2, -1, 0, 1, 1, 2, 2, 4, 6, 7, 7, 8, 8, 9, 14, 18, 17, 17, 16, 16, 15, 13, 12, 14, 10, 10, 16, 9, 13, 19]
[-8, -7, -7, -6, -6, -3, -2, -1, 0, 1, 1, 2, 2, 4, 6, 7, 7, 8, 8, 9, 13, 18, 17, 17, 16, 16, 15, 14, 12, 14, 10, 10, 16, 9, 13, 19]
[-8, -7, -7, -6, -6, -3, -2, -1, 0, 1, 1, 2, 2, 4, 6, 7, 7, 8, 8, 9, 12, 18, 17, 17, 16, 16, 15, 14, 13, 14, 10, 10, 16, 9, 13, 19]
[-8, -7, -7, -6, -6, -3, -2, -1, 0, 1, 1, 2, 2, 4, 6, 7, 7, 8, 8, 9, 10, 18, 17, 17, 16, 16, 15, 14, 13, 14, 12, 10, 16, 9, 13, 19]
[-8, -7, -7, -6, -6, -3, -2, -1, 0, 1, 1, 2, 2, 4, 6, 7, 7, 8, 8, 9, 10, 18, 17, 17, 16, 16, 15, 14, 13, 14, 12, 10, 16, 9, 13, 19]
[-8, -7, -7, -6, -6, -3, -2, -1, 0, 1, 1, 2, 2, 4, 6, 7, 7, 8, 8, 9, 9, 18, 17, 17, 16, 16, 15, 14, 13, 14, 12, 10, 16, 10, 13, 19]
[-8, -7, -7, -6, -6, -3, -2, -1, 0, 1, 1, 2, 2, 4, 6, 7, 7, 8, 8, 9, 9, 17, 18, 17, 16, 16, 15, 14, 13, 14, 12, 10, 16, 10, 13, 19]
[-8, -7, -7, -6, -6, -3, -2, -1, 0, 1, 1, 2, 2, 4, 6, 7, 7, 8, 8, 9, 9, 17, 18, 17, 16, 16, 15, 14, 13, 14, 12, 10, 16, 10, 13, 19]
[-8, -7, -7, -6, -6, -3, -2, -1, 0, 1, 1, 2, 2, 4, 6, 7, 7, 8, 8, 9, 9, 16, 18, 17, 17, 16, 15, 14, 13, 14, 12, 10, 16, 10, 13, 19]
[-8, -7, -7, -6, -6, -3, -2, -1, 0, 1, 1, 2, 2, 4, 6, 7, 7, 8, 8, 9, 9, 16, 18, 17, 17, 16, 15, 14, 13, 14, 12, 10, 16, 10, 13, 19]
[-8, -7, -7, -6, -6, -3, -2, -1, 0, 1, 1, 2, 2, 4, 6, 7, 7, 8, 8, 9, 9, 15, 18, 17, 17, 16, 16, 14, 13, 14, 12, 10, 16, 10, 13, 19]
[-8, -7, -7, -6, -6, -3, -2, -1, 0, 1, 1, 2, 2, 4, 6, 7, 7, 8, 8, 9, 9, 14, 18, 17, 17, 16, 16, 15, 13, 14, 12, 10, 16, 10, 13, 19]
[-8, -7, -7, -6, -6, -3, -2, -1, 0, 1, 1, 2, 2, 4, 6, 7, 7, 8, 8, 9, 9, 13, 18, 17, 17, 16, 16, 15, 14, 14, 12, 10, 16, 10, 13, 19]
[-8, -7, -7, -6, -6, -3, -2, -1, 0, 1, 1, 2, 2, 4, 6, 7, 7, 8, 8, 9, 9, 12, 18, 17, 17, 16, 16, 15, 14, 14, 13, 10, 16, 10, 13, 19]
[-8, -7, -7, -6, -6, -3, -2, -1, 0, 1, 1, 2, 2, 4, 6, 7, 7, 8, 8, 9, 9, 10, 18, 17, 17, 16, 16, 15, 14, 14, 13, 12, 16, 10, 13, 19]
[-8, -7, -7, -6, -6, -3, -2, -1, 0, 1, 1, 2, 2, 4, 6, 7, 7, 8, 8, 9, 9, 10, 18, 17, 17, 16, 16, 15, 14, 14, 13, 12, 16, 10, 13, 19]
[-8, -7, -7, -6, -6, -3, -2, -1, 0, 1, 1, 2, 2, 4, 6, 7, 7, 8, 8, 9, 9, 10, 17, 18, 17, 16, 16, 15, 14, 14, 13, 12, 16, 10, 13, 19]
[-8, -7, -7, -6, -6, -3, -2, -1, 0, 1, 1, 2, 2, 4, 6, 7, 7, 8, 8, 9, 9, 10, 17, 18, 17, 16, 16, 15, 14, 14, 13, 12, 16, 10, 13, 19]
[-8, -7, -7, -6, -6, -3, -2, -1, 0, 1, 1, 2, 2, 4, 6, 7, 7, 8, 8, 9, 9, 10, 16, 18, 17, 17, 16, 15, 14, 14, 13, 12, 16, 10, 13, 19]
[-8, -7, -7, -6, -6, -3, -2, -1, 0, 1, 1, 2, 2, 4, 6, 7, 7, 8, 8, 9, 9, 10, 16, 18, 17, 17, 16, 15, 14, 14, 13, 12, 16, 10, 13, 19]
[-8, -7, -7, -6, -6, -3, -2, -1, 0, 1, 1, 2, 2, 4, 6, 7, 7, 8, 8, 9, 9, 10, 15, 18, 17, 17, 16, 16, 14, 14, 13, 12, 16, 10, 13, 19]
[-8, -7, -7, -6, -6, -3, -2, -1, 0, 1, 1, 2, 2, 4, 6, 7, 7, 8, 8, 9, 9, 10, 14, 18, 17, 17, 16, 16, 15, 14, 13, 12, 16, 10, 13, 19]
[-8, -7, -7, -6, -6, -3, -2, -1, 0, 1, 1, 2, 2, 4, 6, 7, 7, 8, 8, 9, 9, 10, 14, 18, 17, 17, 16, 16, 15, 14, 13, 12, 16, 10, 13, 19]
[-8, -7, -7, -6, -6, -3, -2, -1, 0, 1, 1, 2, 2, 4, 6, 7, 7, 8, 8, 9, 9, 10, 13, 18, 17, 17, 16, 16, 15, 14, 14, 12, 16, 10, 13, 19]
[-8, -7, -7, -6, -6, -3, -2, -1, 0, 1, 1, 2, 2, 4, 6, 7, 7, 8, 8, 9, 9, 10, 12, 18, 17, 17, 16, 16, 15, 14, 14, 13, 16, 10, 13, 19]
[-8, -7, -7, -6, -6, -3, -2, -1, 0, 1, 1, 2, 2, 4, 6, 7, 7, 8, 8, 9, 9, 10, 10, 18, 17, 17, 16, 16, 15, 14, 14, 13, 16, 12, 13, 19]
[-8, -7, -7, -6, -6, -3, -2, -1, 0, 1, 1, 2, 2, 4, 6, 7, 7, 8, 8, 9, 9, 10, 10, 17, 18, 17, 16, 16, 15, 14, 14, 13, 16, 12, 13, 19]
[-8, -7, -7, -6, -6, -3, -2, -1, 0, 1, 1, 2, 2, 4, 6, 7, 7, 8, 8, 9, 9, 10, 10, 17, 18, 17, 16, 16, 15, 14, 14, 13, 16, 12, 13, 19]
[-8, -7, -7, -6, -6, -3, -2, -1, 0, 1, 1, 2, 2, 4, 6, 7, 7, 8, 8, 9, 9, 10, 10, 16, 18, 17, 17, 16, 15, 14, 14, 13, 16, 12, 13, 19]
[-8, -7, -7, -6, -6, -3, -2, -1, 0, 1, 1, 2, 2, 4, 6, 7, 7, 8, 8, 9, 9, 10, 10, 16, 18, 17, 17, 16, 15, 14, 14, 13, 16, 12, 13, 19]
[-8, -7, -7, -6, -6, -3, -2, -1, 0, 1, 1, 2, 2, 4, 6, 7, 7, 8, 8, 9, 9, 10, 10, 15, 18, 17, 17, 16, 16, 14, 14, 13, 16, 12, 13, 19]
[-8, -7, -7, -6, -6, -3, -2, -1, 0, 1, 1, 2, 2, 4, 6, 7, 7, 8, 8, 9, 9, 10, 10, 14, 18, 17, 17, 16, 16, 15, 14, 13, 16, 12, 13, 19]
[-8, -7, -7, -6, -6, -3, -2, -1, 0, 1, 1, 2, 2, 4, 6, 7, 7, 8, 8, 9, 9, 10, 10, 14, 18, 17, 17, 16, 16, 15, 14, 13, 16, 12, 13, 19]
[-8, -7, -7, -6, -6, -3, -2, -1, 0, 1, 1, 2, 2, 4, 6, 7, 7, 8, 8, 9, 9, 10, 10, 13, 18, 17, 17, 16, 16, 15, 14, 14, 16, 12, 13, 19]
[-8, -7, -7, -6, -6, -3, -2, -1, 0, 1, 1, 2, 2, 4, 6, 7, 7, 8, 8, 9, 9, 10, 10, 12, 18, 17, 17, 16, 16, 15, 14, 14, 16, 13, 13, 19]
[-8, -7, -7, -6, -6, -3, -2, -1, 0, 1, 1, 2, 2, 4, 6, 7, 7, 8, 8, 9, 9, 10, 10, 12, 17, 18, 17, 16, 16, 15, 14, 14, 16, 13, 13, 19]
[-8, -7, -7, -6, -6, -3, -2, -1, 0, 1, 1, 2, 2, 4, 6, 7, 7, 8, 8, 9, 9, 10, 10, 12, 17, 18, 17, 16, 16, 15, 14, 14, 16, 13, 13, 19]
[-8, -7, -7, -6, -6, -3, -2, -1, 0, 1, 1, 2, 2, 4, 6, 7, 7, 8, 8, 9, 9, 10, 10, 12, 16, 18, 17, 17, 16, 15, 14, 14, 16, 13, 13, 19]
[-8, -7, -7, -6, -6, -3, -2, -1, 0, 1, 1, 2, 2, 4, 6, 7, 7, 8, 8, 9, 9, 10, 10, 12, 16, 18, 17, 17, 16, 15, 14, 14, 16, 13, 13, 19]
[-8, -7, -7, -6, -6, -3, -2, -1, 0, 1, 1, 2, 2, 4, 6, 7, 7, 8, 8, 9, 9, 10, 10, 12, 15, 18, 17, 17, 16, 16, 14, 14, 16, 13, 13, 19]
[-8, -7, -7, -6, -6, -3, -2, -1, 0, 1, 1, 2, 2, 4, 6, 7, 7, 8, 8, 9, 9, 10, 10, 12, 14, 18, 17, 17, 16, 16, 15, 14, 16, 13, 13, 19]
[-8, -7, -7, -6, -6, -3, -2, -1, 0, 1, 1, 2, 2, 4, 6, 7, 7, 8, 8, 9, 9, 10, 10, 12, 14, 18, 17, 17, 16, 16, 15, 14, 16, 13, 13, 19]
[-8, -7, -7, -6, -6, -3, -2, -1, 0, 1, 1, 2, 2, 4, 6, 7, 7, 8, 8, 9, 9, 10, 10, 12, 13, 18, 17, 17, 16, 16, 15, 14, 16, 14, 13, 19]
[-8, -7, -7, -6, -6, -3, -2, -1, 0, 1, 1, 2, 2, 4, 6, 7, 7, 8, 8, 9, 9, 10, 10, 12, 13, 18, 17, 17, 16, 16, 15, 14, 16, 14, 13, 19]
[-8, -7, -7, -6, -6, -3, -2, -1, 0, 1, 1, 2, 2, 4, 6, 7, 7, 8, 8, 9, 9, 10, 10, 12, 13, 17, 18, 17, 16, 16, 15, 14, 16, 14, 13, 19]
[-8, -7, -7, -6, -6, -3, -2, -1, 0, 1, 1, 2, 2, 4, 6, 7, 7, 8, 8, 9, 9, 10, 10, 12, 13, 17, 18, 17, 16, 16, 15, 14, 16, 14, 13, 19]
[-8, -7, -7, -6, -6, -3, -2, -1, 0, 1, 1, 2, 2, 4, 6, 7, 7, 8, 8, 9, 9, 10, 10, 12, 13, 16, 18, 17, 17, 16, 15, 14, 16, 14, 13, 19]
[-8, -7, -7, -6, -6, -3, -2, -1, 0, 1, 1, 2, 2, 4, 6, 7, 7, 8, 8, 9, 9, 10, 10, 12, 13, 16, 18, 17, 17, 16, 15, 14, 16, 14, 13, 19]
[-8, -7, -7, -6, -6, -3, -2, -1, 0, 1, 1, 2, 2, 4, 6, 7, 7, 8, 8, 9, 9, 10, 10, 12, 13, 15, 18, 17, 17, 16, 16, 14, 16, 14, 13, 19]
[-8, -7, -7, -6, -6, -3, -2, -1, 0, 1, 1, 2, 2, 4, 6, 7, 7, 8, 8, 9, 9, 10, 10, 12, 13, 14, 18, 17, 17, 16, 16, 15, 16, 14, 13, 19]
[-8, -7, -7, -6, -6, -3, -2, -1, 0, 1, 1, 2, 2, 4, 6, 7, 7, 8, 8, 9, 9, 10, 10, 12, 13, 14, 18, 17, 17, 16, 16, 15, 16, 14, 13, 19]
[-8, -7, -7, -6, -6, -3, -2, -1, 0, 1, 1, 2, 2, 4, 6, 7, 7, 8, 8, 9, 9, 10, 10, 12, 13, 13, 18, 17, 17, 16, 16, 15, 16, 14, 14, 19]
[-8, -7, -7, -6, -6, -3, -2, -1, 0, 1, 1, 2, 2, 4, 6, 7, 7, 8, 8, 9, 9, 10, 10, 12, 13, 13, 17, 18, 17, 16, 16, 15, 16, 14, 14, 19]
[-8, -7, -7, -6, -6, -3, -2, -1, 0, 1, 1, 2, 2, 4, 6, 7, 7, 8, 8, 9, 9, 10, 10, 12, 13, 13, 17, 18, 17, 16, 16, 15, 16, 14, 14, 19]
[-8, -7, -7, -6, -6, -3, -2, -1, 0, 1, 1, 2, 2, 4, 6, 7, 7, 8, 8, 9, 9, 10, 10, 12, 13, 13, 16, 18, 17, 17, 16, 15, 16, 14, 14, 19]
[-8, -7, -7, -6, -6, -3, -2, -1, 0, 1, 1, 2, 2, 4, 6, 7, 7, 8, 8, 9, 9, 10, 10, 12, 13, 13, 16, 18, 17, 17, 16, 15, 16, 14, 14, 19]
[-8, -7, -7, -6, -6, -3, -2, -1, 0, 1, 1, 2, 2, 4, 6, 7, 7, 8, 8, 9, 9, 10, 10, 12, 13, 13, 15, 18, 17, 17, 16, 16, 16, 14, 14, 19]
[-8, -7, -7, -6, -6, -3, -2, -1, 0, 1, 1, 2, 2, 4, 6, 7, 7, 8, 8, 9, 9, 10, 10, 12, 13, 13, 14, 18, 17, 17, 16, 16, 16, 15, 14, 19]
[-8, -7, -7, -6, -6, -3, -2, -1, 0, 1, 1, 2, 2, 4, 6, 7, 7, 8, 8, 9, 9, 10, 10, 12, 13, 13, 14, 18, 17, 17, 16, 16, 16, 15, 14, 19]
[-8, -7, -7, -6, -6, -3, -2, -1, 0, 1, 1, 2, 2, 4, 6, 7, 7, 8, 8, 9, 9, 10, 10, 12, 13, 13, 14, 17, 18, 17, 16, 16, 16, 15, 14, 19]
[-8, -7, -7, -6, -6, -3, -2, -1, 0, 1, 1, 2, 2, 4, 6, 7, 7, 8, 8, 9, 9, 10, 10, 12, 13, 13, 14, 17, 18, 17, 16, 16, 16, 15, 14, 19]
[-8, -7, -7, -6, -6, -3, -2, -1, 0, 1, 1, 2, 2, 4, 6, 7, 7, 8, 8, 9, 9, 10, 10, 12, 13, 13, 14, 16, 18, 17, 17, 16, 16, 15, 14, 19]
[-8, -7, -7, -6, -6, -3, -2, -1, 0, 1, 1, 2, 2, 4, 6, 7, 7, 8, 8, 9, 9, 10, 10, 12, 13, 13, 14, 16, 18, 17, 17, 16, 16, 15, 14, 19]
[-8, -7, -7, -6, -6, -3, -2, -1, 0, 1, 1, 2, 2, 4, 6, 7, 7, 8, 8, 9, 9, 10, 10, 12, 13, 13, 14, 16, 18, 17, 17, 16, 16, 15, 14, 19]
[-8, -7, -7, -6, -6, -3, -2, -1, 0, 1, 1, 2, 2, 4, 6, 7, 7, 8, 8, 9, 9, 10, 10, 12, 13, 13, 14, 15, 18, 17, 17, 16, 16, 16, 14, 19]
[-8, -7, -7, -6, -6, -3, -2, -1, 0, 1, 1, 2, 2, 4, 6, 7, 7, 8, 8, 9, 9, 10, 10, 12, 13, 13, 14, 14, 18, 17, 17, 16, 16, 16, 15, 19]
[-8, -7, -7, -6, -6, -3, -2, -1, 0, 1, 1, 2, 2, 4, 6, 7, 7, 8, 8, 9, 9, 10, 10, 12, 13, 13, 14, 14, 17, 18, 17, 16, 16, 16, 15, 19]
[-8, -7, -7, -6, -6, -3, -2, -1, 0, 1, 1, 2, 2, 4, 6, 7, 7, 8, 8, 9, 9, 10, 10, 12, 13, 13, 14, 14, 17, 18, 17, 16, 16, 16, 15, 19]
[-8, -7, -7, -6, -6, -3, -2, -1, 0, 1, 1, 2, 2, 4, 6, 7, 7, 8, 8, 9, 9, 10, 10, 12, 13, 13, 14, 14, 16, 18, 17, 17, 16, 16, 15, 19]
[-8, -7, -7, -6, -6, -3, -2, -1, 0, 1, 1, 2, 2, 4, 6, 7, 7, 8, 8, 9, 9, 10, 10, 12, 13, 13, 14, 14, 16, 18, 17, 17, 16, 16, 15, 19]
[-8, -7, -7, -6, -6, -3, -2, -1, 0, 1, 1, 2, 2, 4, 6, 7, 7, 8, 8, 9, 9, 10, 10, 12, 13, 13, 14, 14, 16, 18, 17, 17, 16, 16, 15, 19]
[-8, -7, -7, -6, -6, -3, -2, -1, 0, 1, 1, 2, 2, 4, 6, 7, 7, 8, 8, 9, 9, 10, 10, 12, 13, 13, 14, 14, 15, 18, 17, 17, 16, 16, 16, 19]
[-8, -7, -7, -6, -6, -3, -2, -1, 0, 1, 1, 2, 2, 4, 6, 7, 7, 8, 8, 9, 9, 10, 10, 12, 13, 13, 14, 14, 15, 17, 18, 17, 16, 16, 16, 19]
[-8, -7, -7, -6, -6, -3, -2, -1, 0, 1, 1, 2, 2, 4, 6, 7, 7, 8, 8, 9, 9, 10, 10, 12, 13, 13, 14, 14, 15, 17, 18, 17, 16, 16, 16, 19]
[-8, -7, -7, -6, -6, -3, -2, -1, 0, 1, 1, 2, 2, 4, 6, 7, 7, 8, 8, 9, 9, 10, 10, 12, 13, 13, 14, 14, 15, 16, 18, 17, 17, 16, 16, 19]
[-8, -7, -7, -6, -6, -3, -2, -1, 0, 1, 1, 2, 2, 4, 6, 7, 7, 8, 8, 9, 9, 10, 10, 12, 13, 13, 14, 14, 15, 16, 18, 17, 17, 16, 16, 19]
[-8, -7, -7, -6, -6, -3, -2, -1, 0, 1, 1, 2, 2, 4, 6, 7, 7, 8, 8, 9, 9, 10, 10, 12, 13, 13, 14, 14, 15, 16, 18, 17, 17, 16, 16, 19]
[-8, -7, -7, -6, -6, -3, -2, -1, 0, 1, 1, 2, 2, 4, 6, 7, 7, 8, 8, 9, 9, 10, 10, 12, 13, 13, 14, 14, 15, 16, 17, 18, 17, 16, 16, 19]
[-8, -7, -7, -6, -6, -3, -2, -1, 0, 1, 1, 2, 2, 4, 6, 7, 7, 8, 8, 9, 9, 10, 10, 12, 13, 13, 14, 14, 15, 16, 17, 18, 17, 16, 16, 19]
[-8, -7, -7, -6, -6, -3, -2, -1, 0, 1, 1, 2, 2, 4, 6, 7, 7, 8, 8, 9, 9, 10, 10, 12, 13, 13, 14, 14, 15, 16, 16, 18, 17, 17, 16, 19]
[-8, -7, -7, -6, -6, -3, -2, -1, 0, 1, 1, 2, 2, 4, 6, 7, 7, 8, 8, 9, 9, 10, 10, 12, 13, 13, 14, 14, 15, 16, 16, 18, 17, 17, 16, 19]
[-8, -7, -7, -6, -6, -3, -2, -1, 0, 1, 1, 2, 2, 4, 6, 7, 7, 8, 8, 9, 9, 10, 10, 12, 13, 13, 14, 14, 15, 16, 16, 17, 18, 17, 16, 19]
[-8, -7, -7, -6, -6, -3, -2, -1, 0, 1, 1, 2, 2, 4, 6, 7, 7, 8, 8, 9, 9, 10, 10, 12, 13, 13, 14, 14, 15, 16, 16, 17, 18, 17, 16, 19]
[-8, -7, -7, -6, -6, -3, -2, -1, 0, 1, 1, 2, 2, 4, 6, 7, 7, 8, 8, 9, 9, 10, 10, 12, 13, 13, 14, 14, 15, 16, 16, 16, 18, 17, 17, 19]
[-8, -7, -7, -6, -6, -3, -2, -1, 0, 1, 1, 2, 2, 4, 6, 7, 7, 8, 8, 9, 9, 10, 10, 12, 13, 13, 14, 14, 15, 16, 16, 16, 17, 18, 17, 19]
[-8, -7, -7, -6, -6, -3, -2, -1, 0, 1, 1, 2, 2, 4, 6, 7, 7, 8, 8, 9, 9, 10, 10, 12, 13, 13, 14, 14, 15, 16, 16, 16, 17, 18, 17, 19]
[-8, -7, -7, -6, -6, -3, -2, -1, 0, 1, 1, 2, 2, 4, 6, 7, 7, 8, 8, 9, 9, 10, 10, 12, 13, 13, 14, 14, 15, 16, 16, 16, 17, 17, 18, 19]
[1, 8, 1, -6, -6, 13, -6, -7, 12, 6, -5, 6, 17, 5, 9, 4, 11, -2, -7, 8, -6, -9, 18, 14, -2, 1, 13, 3, 16, -6, 15]
[1, 8, 1, -6, -6, 13, -6, -7, 12, 6, -5, 6, 17, 5, 9, 4, 11, -2, -7, 8, -6, -9, 18, 14, -2, 1, 13, 3, 16, -6, 15]
[-6, 8, 1, 1, -6, 13, -6, -7, 12, 6, -5, 6, 17, 5, 9, 4, 11, -2, -7, 8, -6, -9, 18, 14, -2, 1, 13, 3, 16, -6, 15]
[-6, 8, 1, 1, -6, 13, -6, -7, 12, 6, -5, 6, 17, 5, 9, 4, 11, -2, -7, 8, -6, -9, 18, 14, -2, 1, 13, 3, 16, -6, 15]
[-6, 8, 1, 1, -6, 13, -6, -7, 12, 6, -5, 6, 17, 5, 9, 4, 11, -2, -7, 8, -6, -9, 18, 14, -2, 1, 13, 3, 16, -6, 15]
[-7, 8, 1, 1, -6, 13, -6, -6, 12, 6, -5, 6, 17, 5, 9, 4, 11, -2, -7, 8, -6, -9, 18, 14, -2, 1, 13, 3, 16, -6, 15]
[-7, 8, 1, 1, -6, 13, -6, -6, 12, 6, -5, 6, 17, 5, 9, 4, 11, -2, -7, 8, -6, -9, 18, 14, -2, 1, 13, 3, 16, -6, 15]
[-9, 8, 1, 1, -6, 13, -6, -6, 12, 6, -5, 6, 17, 5, 9, 4, 11, -2, -7, 8, -6, -7, 18, 14, -2, 1, 13, 3, 16, -6, 15]
[-9, 1, 8, 1, -6, 13, -6, -6, 12, 6, -5, 6, 17, 5, 9, 4, 11, -2, -7, 8, -6, -7, 18, 14, -2, 1, 13, 3, 16, -6, 15]
[-9, 1, 8, 1, -6, 13, -6, -6, 12, 6, -5, 6, 17, 5, 9, 4, 11, -2, -7, 8, -6, -7, 18, 14, -2, 1, 13, 3, 16, -6, 15]
[-9, -6, 8, 1, 1, 13, -6, -6, 12, 6, -5, 6, 17, 5, 9, 4, 11, -2, -7, 8, -6, -7, 18, 14, -2, 1, 13, 3, 16, -6, 15]
[-9, -6, 8, 1, 1, 13, -6, -6, 12, 6, -5, 6, 17, 5, 9, 4, 11, -2, -7, 8, -6, -7, 18, 14, -2, 1, 13, 3, 16, -6, 15]
[-9, -6, 8, 1, 1, 13, -6, -6, 12, 6, -5, 6, 17, 5, 9, 4, 11, -2, -7, 8, -6, -7, 18, 14, -2, 1, 13, 3, 16, -6, 15]
[-9, -7, 8, 1, 1, 13, -6, -6, 12, 6, -5, 6, 17, 5, 9, 4, 11, -2, -6, 8, -6, -7, 18, 14, -2, 1, 13, 3, 16, -6, 15]
[-9, -7, 8, 1, 1, 13, -6, -6, 12, 6, -5, 6, 17, 5, 9, 4, 11, -2, -6, 8, -6, -7, 18, 14, -2, 1, 13, 3, 16, -6, 15]
[-9, -7, 1, 8, 1, 13, -6, -6, 12, 6, -5, 6, 17, 5, 9, 4, 11, -2, -6, 8, -6, -7, 18, 14, -2, 1, 13, 3, 16, -6, 15]
[-9, -7, 1, 8, 1, 13, -6, -6, 12, 6, -5, 6, 17, 5, 9, 4, 11, -2, -6, 8, -6, -7, 18, 14, -2, 1, 13, 3, 16, -6, 15]
[-9, -7, -6, 8, 1, 13, 1, -6, 12, 6, -5, 6, 17, 5, 9, 4, 11, -2, -6, 8, -6, -7, 18, 14, -2, 1, 13, 3, 16, -6, 15]
[-9, -7, -6, 8, 1, 13, 1, -6, 12, 6, -5, 6, 17, 5, 9, 4, 11, -2, -6, 8, -6, -7, 18, 14, -2, 1, 13, 3, 16, -6, 15]
[-9, -7, -6, 8, 1, 13, 1, -6, 12, 6, -5, 6, 17, 5, 9, 4, 11, -2, -6, 8, -6, -7, 18, 14, -2, 1, 13, 3, 16, -6, 15]
[-9, -7, -6, 8, 1, 13, 1, -6, 12, 6, -5, 6, 17, 5, 9, 4, 11, -2, -6, 8, -6, -7, 18, 14, -2, 1, 13, 3, 16, -6, 15]
[-9, -7, -7, 8, 1, 13, 1, -6, 12, 6, -5, 6, 17, 5, 9, 4, 11, -2, -6, 8, -6, -6, 18, 14, -2, 1, 13, 3, 16, -6, 15]
[-9, -7, -7, 1, 8, 13, 1, -6, 12, 6, -5, 6, 17, 5, 9, 4, 11, -2, -6, 8, -6, -6, 18, 14, -2, 1, 13, 3, 16, -6, 15]
[-9, -7, -7, 1, 8, 13, 1, -6, 12, 6, -5, 6, 17, 5, 9, 4, 11, -2, -6, 8, -6, -6, 18, 14, -2, 1, 13, 3, 16, -6, 15]
[-9, -7, -7, -6, 8, 13, 1, 1, 12, 6, -5, 6, 17, 5, 9, 4, 11, -2, -6, 8, -6, -6, 18, 14, -2, 1, 13, 3, 16, -6, 15]
[-9, -7, -7, -6, 8, 13, 1, 1, 12, 6, -5, 6, 17, 5, 9, 4, 11, -2, -6, 8, -6, -6, 18, 14, -2, 1, 13, 3, 16, -6, 15]
[-9, -7, -7, -6, 8, 13, 1, 1, 12, 6, -5, 6, 17, 5, 9, 4, 11, -2, -6, 8, -6, -6, 18, 14, -2, 1, 13, 3, 16, -6, 15]
[-9, -7, -7, -6, 8, 13, 1, 1, 12, 6, -5, 6, 17, 5, 9, 4, 11, -2, -6, 8, -6, -6, 18, 14, -2, 1, 13, 3, 16, -6, 15]
[-9, -7, -7, -6, 8, 13, 1, 1, 12, 6, -5, 6, 17, 5, 9, 4, 11, -2, -6, 8, -6, -6, 18, 14, -2, 1, 13, 3, 16, -6, 15]
[-9, -7, -7, -6, 1, 13, 8, 1, 12, 6, -5, 6, 17, 5, 9, 4, 11, -2, -6, 8, -6, -6, 18, 14, -2, 1, 13, 3, 16, -6, 15]
[-9, -7, -7, -6, 1, 13, 8, 1, 12, 6, -5, 6, 17, 5, 9, 4, 11, -2, -6, 8, -6, -6, 18, 14, -2, 1, 13, 3, 16, -6, 15]
[-9, -7, -7, -6, -5, 13, 8, 1, 12, 6, 1, 6, 17, 5, 9, 4, 11, -2, -6, 8, -6, -6, 18, 14, -2, 1, 13, 3, 16, -6, 15]
[-9, -7, -7, -6, -6, 13, 8, 1, 12, 6, 1, 6, 17, 5, 9, 4, 11, -2, -5, 8, -6, -6, 18, 14, -2, 1, 13, 3, 16, -6, 15]
[-9, -7, -7, -6, -6, 13, 8, 1, 12, 6, 1, 6, 17, 5, 9, 4, 11, -2, -5, 8, -6, -6, 18, 14, -2, 1, 13, 3, 16, -6, 15]
[-9, -7, -7, -6, -6, 13, 8, 1, 12, 6, 1, 6, 17, 5, 9, 4, 11, -2, -5, 8, -6, -6, 18, 14, -2, 1, 13, 3, 16, -6, 15]
[-9, -7, -7, -6, -6, 13, 8, 1, 12, 6, 1, 6, 17, 5, 9, 4, 11, -2, -5, 8, -6, -6, 18, 14, -2, 1, 13, 3, 16, -6, 15]
[-9, -7, -7, -6, -6, 8, 13, 1, 12, 6, 1, 6, 17, 5, 9, 4, 11, -2, -5, 8, -6, -6, 18, 14, -2, 1, 13, 3, 16, -6, 15]
[-9, -7, -7, -6, -6, 1, 13, 8, 12, 6, 1, 6, 17, 5, 9, 4, 11, -2, -5, 8, -6, -6, 18, 14, -2, 1, 13, 3, 16, -6, 15]
[-9, -7, -7, -6, -6, 1, 13, 8, 12, 6, 1, 6, 17, 5, 9, 4, 11, -2, -5, 8, -6, -6, 18, 14, -2, 1, 13, 3, 16, -6, 15]
[-9, -7, -7, -6, -6, -2, 13, 8, 12, 6, 1, 6, 17, 5, 9, 4, 11, 1, -5, 8, -6, -6, 18, 14, -2, 1, 13, 3, 16, -6, 15]
[-9, -7, -7, -6, -6, -5, 13, 8, 12, 6, 1, 6, 17, 5, 9, 4, 11, 1, -2, 8, -6, -6, 18, 14, -2, 1, 13, 3, 16, -6, 15]
[-9, -7, -7, -6, -6, -6, 13, 8, 12, 6, 1, 6, 17, 5, 9, 4, 11, 1, -2, 8, -5, -6, 18, 14, -2, 1, 13, 3, 16, -6, 15]
[-9, -7, -7, -6, -6, -6, 13, 8, 12, 6, 1, 6, 17, 5, 9, 4, 11, 1, -2, 8, -5, -6, 18, 14, -2, 1, 13, 3, 16, -6, 15]
[-9, -7, -7, -6, -6, -6, 13, 8, 12, 6, 1, 6, 17, 5, 9, 4, 11, 1, -2, 8, -5, -6, 18, 14, -2, 1, 13, 3, 16, -6, 15]
[-9, -7, -7, -6, -6, -6, 8, 13, 12, 6, 1, 6, 17, 5, 9, 4, 11, 1, -2, 8, -5, -6, 18, 14, -2, 1, 13, 3, 16, -6, 15]
[-9, -7, -7, -6, -6, -6, 6, 13, 12, 8, 1, 6, 17, 5, 9, 4, 11, 1, -2, 8, -5, -6, 18, 14, -2, 1, 13, 3, 16, -6, 15]
[-9, -7, -7, -6, -6, -6, 1, 13, 12, 8, 6, 6, 17, 5, 9, 4, 11, 1, -2, 8, -5, -6, 18, 14, -2, 1, 13, 3, 16, -6, 15]
[-9, -7, -7, -6, -6, -6, 1, 13, 12, 8, 6, 6, 17, 5, 9, 4, 11, 1, -2, 8, -5, -6, 18, 14, -2, 1, 13, 3, 16, -6, 15]
[-9, -7, -7, -6, -6, -6, -2, 13, 12, 8, 6, 6, 17, 5, 9, 4, 11, 1, 1, 8, -5, -6, 18, 14, -2, 1, 13, 3, 16, -6, 15]
[-9, -7, -7, -6, -6, -6, -5, 13, 12, 8, 6, 6, 17, 5, 9, 4, 11, 1, 1, 8, -2, -6, 18, 14, -2, 1, 13, 3, 16, -6, 15]
[-9, -7, -7, -6, -6, -6, -6, 13, 12, 8, 6, 6, 17, 5, 9, 4, 11, 1, 1, 8, -2, -5, 18, 14, -2, 1, 13, 3, 16, -6, 15]
[-9, -7, -7, -6, -6, -6, -6, 13, 12, 8, 6, 6, 17, 5, 9, 4, 11, 1, 1, 8, -2, -5, 18, 14, -2, 1, 13, 3, 16, -6, 15]
[-9, -7, -7, -6, -6, -6, -6, 12, 13, 8, 6, 6, 17, 5, 9, 4, 11, 1, 1, 8, -2, -5, 18, 14, -2, 1, 13, 3, 16, -6, 15]
[-9, -7, -7, -6, -6, -6, -6, 8, 13, 12, 6, 6, 17, 5, 9, 4, 11, 1, 1, 8, -2, -5, 18, 14, -2, 1, 13, 3, 16, -6, 15]
[-9, -7, -7, -6, -6, -6, -6, 6, 13, 12, 8, 6, 17, 5, 9, 4, 11, 1, 1, 8, -2, -5, 18, 14, -2, 1, 13, 3, 16, -6, 15]
[-9, -7, -7, -6, -6, -6, -6, 6, 13, 12, 8, 6, 17, 5, 9, 4, 11, 1, 1, 8, -2, -5, 18, 14, -2, 1, 13, 3, 16, -6, 15]
[-9, -7, -7, -6, -6, -6, -6, 5, 13, 12, 8, 6, 17, 6, 9, 4, 11, 1, 1, 8, -2, -5, 18, 14, -2, 1, 13, 3, 16, -6, 15]
[-9, -7, -7, -6, -6, -6, -6, 4, 13, 12, 8, 6, 17, 6, 9, 5, 11, 1, 1, 8, -2, -5, 18, 14, -2, 1, 13, 3, 16, -6, 15]
[-9, -7, -7, -6, -6, -6, -6, 1, 13, 12, 8, 6, 17, 6, 9, 5, 11, 4, 1, 8, -2, -5, 18, 14, -2, 1, 13, 3, 16, -6, 15]
[-9, -7, -7, -6, -6, -6, -6, 1, 13, 12, 8, 6, 17, 6, 9, 5, 11, 4, 1, 8, -2, -5, 18, 14, -2, 1, 13, 3, 16, -6, 15]
[-9, -7, -7, -6, -6, -6, -6, -2, 13, 12, 8, 6, 17, 6, 9, 5, 11, 4, 1, 8, 1, -5, 18, 14, -2, 1, 13, 3, 16, -6, 15]
[-9, -7, -7, -6, -6, -6, -6, -5, 13, 12, 8, 6, 17, 6, 9, 5, 11, 4, 1, 8, 1, -2, 18, 14, -2, 1, 13, 3, 16, -6, 15]
[-9, -7, -7, -6, -6, -6, -6, -6, 13, 12, 8, 6, 17, 6, 9, 5, 11, 4, 1, 8, 1, -2, 18, 14, -2, 1, 13, 3, 16, -5, 15]
[-9, -7, -7, -6, -6, -6, -6, -6, 12, 13, 8, 6, 17, 6, 9, 5, 11, 4, 1, 8, 1, -2, 18, 14, -2, 1, 13, 3, 16, -5, 15]
[-9, -7, -7, -6, -6, -6, -6, -6, 8, 13, 12, 6, 17, 6, 9, 5, 11, 4, 1, 8, 1, -2, 18, 14, -2, 1, 13, 3, 16, -5, 15]
[-9, -7, -7, -6, -6, -6, -6, -6, 6, 13, 12, 8, 17, 6, 9, 5, 11, 4, 1, 8, 1, -2, 18, 14, -2, 1, 13, 3, 16, -5, 15]
[-9, -7, -7, -6, -6, -6, -6, -6, 6, 13, 12, 8, 17, 6, 9, 5, 11, 4, 1, 8, 1, -2, 18, 14, -2, 1, 13, 3, 16, -5, 15]
[-9, -7, -7, -6, -6, -6, -6, -6, 5, 13, 12, 8, 17, 6, 9, 6, 11, 4, 1, 8, 1, -2, 18, 14, -2, 1, 13, 3, 16, -5, 15]
[-9, -7, -7, -6, -6, -6, -6, -6, 4, 13, 12, 8, 17, 6, 9, 6, 11, 5, 1, 8, 1, -2, 18, 14, -2, 1, 13, 3, 16, -5, 15]
[-9, -7, -7, -6, -6, -6, -6, -6, 1, 13, 12, 8, 17, 6, 9, 6, 11, 5, 4, 8, 1, -2, 18, 14, -2, 1, 13, 3, 16, -5, 15]
[-9, -7, -7, -6, -6, -6, -6, -6, 1, 13, 12, 8, 17, 6, 9, 6, 11, 5, 4, 8, 1, -2, 18, 14, -2, 1, 13, 3, 16, -5, 15]
[-9, -7, -7, -6, -6, -6, -6, -6, -2, 13, 12, 8, 17, 6, 9, 6, 11, 5, 4, 8, 1, 1, 18, 14, -2, 1, 13, 3, 16, -5, 15]
[-9, -7, -7, -6, -6, -6, -6, -6, -2, 13, 12, 8, 17, 6, 9, 6, 11, 5, 4, 8, 1, 1, 18, 14, -2, 1, 13, 3, 16, -5, 15]
[-9, -7, -7, -6, -6, -6, -6, -6, -5, 13, 12, 8, 17, 6, 9, 6, 11, 5, 4, 8, 1, 1, 18, 14, -2, 1, 13, 3, 16, -2, 15]
[-9, -7, -7, -6, -6, -6, -6, -6, -5, 12, 13, 8, 17, 6, 9, 6, 11, 5, 4, 8, 1, 1, 18, 14, -2, 1, 13, 3, 16, -2, 15]
[-9, -7, -7, -6, -6, -6, -6, -6, -5, 8, 13, 12, 17, 6, 9, 6, 11, 5, 4, 8, 1, 1, 18, 14, -2, 1, 13, 3, 16, -2, 15]
[-9, -7, -7, -6, -6, -6, -6, -6, -5, 6, 13, 12, 17, 8, 9, 6, 11, 5, 4, 8, 1, 1, 18, 14, -2, 1, 13, 3, 16, -2, 15]
[-9, -7, -7, -6, -6, -6, -6, -6, -5, 6, 13, 12, 17, 8, 9, 6, 11, 5, 4, 8, 1, 1, 18, 14, -2, 1, 13, 3, 16, -2, 15]
[-9, -7, -7, -6, -6, -6, -6, -6, -5, 5, 13, 12, 17, 8, 9, 6, 11, 6, 4, 8, 1, 1, 18, 14, -2, 1, 13, 3, 16, -2, 15]
[-9, -7, -7, -6, -6, -6, -6, -6, -5, 4, 13, 12, 17, 8, 9, 6, 11, 6, 5, 8, 1, 1, 18, 14, -2, 1, 13, 3, 16, -2, 15]
[-9, -7, -7, -6, -6, -6, -6, -6, -5, 1, 13, 12, 17, 8, 9, 6, 11, 6, 5, 8, 4, 1, 18, 14, -2, 1, 13, 3, 16, -2, 15]
[-9, -7, -7, -6, -6, -6, -6, -6, -5, 1, 13, 12, 17, 8, 9, 6, 11, 6, 5, 8, 4, 1, 18, 14, -2, 1, 13, 3, 16, -2, 15]
[-9, -7, -7, -6, -6, -6, -6, -6, -5, -2, 13, 12, 17, 8, 9, 6, 11, 6, 5, 8, 4, 1, 18, 14, 1, 1, 13, 3, 16, -2, 15]
[-9, -7, -7, -6, -6, -6, -6, -6, -5, -2, 13, 12, 17, 8, 9, 6, 11, 6, 5, 8, 4, 1, 18, 14, 1, 1, 13, 3, 16, -2, 15]
[-9, -7, -7, -6, -6, -6, -6, -6, -5, -2, 12, 13, 17, 8, 9, 6, 11, 6, 5, 8, 4, 1, 18, 14, 1, 1, 13, 3, 16, -2, 15]
[-9, -7, -7, -6, -6, -6, -6, -6, -5, -2, 8, 13, 17, 12, 9, 6, 11, 6, 5, 8, 4, 1, 18, 14, 1, 1, 13, 3, 16, -2, 15]
[-9, -7, -7, -6, -6, -6, -6, -6, -5, -2, 6, 13, 17, 12, 9, 8, 11, 6, 5, 8, 4, 1, 18, 14, 1, 1, 13, 3, 16, -2, 15]
[-9, -7, -7, -6, -6, -6, -6, -6, -5, -2, 6, 13, 17, 12, 9, 8, 11, 6, 5, 8, 4, 1, 18, 14, 1, 1, 13, 3, 16, -2, 15]
[-9, -7, -7, -6, -6, -6, -6, -6, -5, -2, 5, 13, 17, 12, 9, 8, 11, 6, 6, 8, 4, 1, 18, 14, 1, 1, 13, 3, 16, -2, 15]
[-9, -7, -7, -6, -6, -6, -6, -6, -5, -2, 4, 13, 17, 12, 9, 8, 11, 6, 6, 8, 5, 1, 18, 14, 1, 1, 13, 3, 16, -2, 15]
[-9, -7, -7, -6, -6, -6, -6, -6, -5, -2, 1, 13, 17, 12, 9, 8, 11, 6, 6, 8, 5, 4, 18, 14, 1, 1, 13, 3, 16, -2, 15]
[-9, -7, -7, -6, -6, -6, -6, -6, -5, -2, 1, 13, 17, 12, 9, 8, 11, 6, 6, 8, 5, 4, 18, 14, 1, 1, 13, 3, 16, -2, 15]
[-9, -7, -7, -6, -6, -6, -6, -6, -5, -2, 1, 13, 17, 12, 9, 8, 11, 6, 6, 8, 5, 4, 18, 14, 1, 1, 13, 3, 16, -2, 15]
[-9, -7, -7, -6, -6, -6, -6, -6, -5, -2, -2, 13, 17, 12, 9, 8, 11, 6, 6, 8, 5, 4, 18, 14, 1, 1, 13, 3, 16, 1, 15]
[-9, -7, -7, -6, -6, -6, -6, -6, -5, -2, -2, 12, 17, 13, 9, 8, 11, 6, 6, 8, 5, 4, 18, 14, 1, 1, 13, 3, 16, 1, 15]
[-9, -7, -7, -6, -6, -6, -6, -6, -5, -2, -2, 9, 17, 13, 12, 8, 11, 6, 6, 8, 5, 4, 18, 14, 1, 1, 13, 3, 16, 1, 15]
[-9, -7, -7, -6, -6, -6, -6, -6, -5, -2, -2, 8, 17, 13, 12, 9, 11, 6, 6, 8, 5, 4, 18, 14, 1, 1, 13, 3, 16, 1, 15]
[-9, -7, -7, -6, -6, -6, -6, -6, -5, -2, -2, 6, 17, 13, 12, 9, 11, 8, 6, 8, 5, 4, 18, 14, 1, 1, 13, 3, 16, 1, 15]
[-9, -7, -7, -6, -6, -6, -6, -6, -5, -2, -2, 6, 17, 13, 12, 9, 11, 8, 6, 8, 5, 4, 18, 14, 1, 1, 13, 3, 16, 1, 15]
[-9, -7, -7, -6, -6, -6, -6, -6, -5, -2, -2, 5, 17, 13, 12, 9, 11, 8, 6, 8, 6, 4, 18, 14, 1, 1, 13, 3, 16, 1, 15]
[-9, -7, -7, -6, -6, -6, -6, -6, -5, -2, -2, 4, 17, 13, 12, 9, 11, 8, 6, 8, 6, 5, 18, 14, 1, 1, 13, 3, 16, 1, 15]
[-9, -7, -7, -6, -6, -6, -6, -6, -5, -2, -2, 1, 17, 13, 12, 9, 11, 8, 6, 8, 6, 5, 18, 14, 4, 1, 13, 3, 16, 1, 15]
[-9, -7, -7, -6, -6, -6, -6, -6, -5, -2, -2, 1, 17, 13, 12, 9, 11, 8, 6, 8, 6, 5, 18, 14, 4, 1, 13, 3, 16, 1, 15]
[-9, -7, -7, -6, -6, -6, -6, -6, -5, -2, -2, 1, 17, 13, 12, 9, 11, 8, 6, 8, 6, 5, 18, 14, 4, 1, 13, 3, 16, 1, 15]
[-9, -7, -7, -6, -6, -6, -6, -6, -5, -2, -2, 1, 13, 17, 12, 9, 11, 8, 6, 8, 6, 5, 18, 14, 4, 1, 13, 3, 16, 1, 15]
[-9, -7, -7, -6, -6, -6, -6, -6, -5, -2, -2, 1, 12, 17, 13, 9, 11, 8, 6, 8, 6, 5, 18, 14, 4, 1, 13, 3, 16, 1, 15]
[-9, -7, -7, -6, -6, -6, -6, -6, -5, -2, -2, 1, 9, 17, 13, 12, 11, 8, 6, 8, 6, 5, 18, 14, 4, 1, 13, 3, 16, 1, 15]
[-9, -7, -7, -6, -6, -6, -6, -6, -5, -2, -2, 1, 8, 17, 13, 12, 11, 9, 6, 8, 6, 5, 18, 14, 4, 1, 13, 3, 16, 1, 15]
[-9, -7, -7, -6, -6, -6, -6, -6, -5, -2, -2, 1, 6, 17, 13, 12, 11, 9, 8, 8, 6, 5, 18, 14, 4, 1, 13, 3, 16, 1, 15]
[-9, -7, -7, -6, -6, -6, -6, -6, -5, -2, -2, 1, 6, 17, 13, 12, 11, 9, 8, 8, 6, 5, 18, 14, 4, 1, 13, 3, 16, 1, 15]
[-9, -7, -7, -6, -6, -6, -6, -6, -5, -2, -2, 1, 5, 17, 13, 12, 11, 9, 8, 8, 6, 6, 18, 14, 4, 1, 13, 3, 16, 1, 15]
[-9, -7, -7, -6, -6, -6, -6, -6, -5, -2, -2, 1, 4, 17, 13, 12, 11, 9, 8, 8, 6, 6, 18, 14, 5, 1, 13, 3, 16, 1, 15]
[-9, -7, -7, -6, -6, -6, -6, -6, -5, -2, -2, 1, 1, 17, 13, 12, 11, 9, 8, 8, 6, 6, 18, 14, 5, 4, 13, 3, 16, 1, 15]
[-9, -7, -7, -6, -6, -6, -6, -6, -5, -2, -2, 1, 1, 17, 13, 12, 11, 9, 8, 8, 6, 6, 18, 14, 5, 4, 13, 3, 16, 1, 15]
[-9, -7, -7, -6, -6, -6, -6, -6, -5, -2, -2, 1, 1, 13, 17, 12, 11, 9, 8, 8, 6, 6, 18, 14, 5, 4, 13, 3, 16, 1, 15]
[-9, -7, -7, -6, -6, -6, -6, -6, -5, -2, -2, 1, 1, 12, 17, 13, 11, 9, 8, 8, 6, 6, 18, 14, 5, 4, 13, 3, 16, 1, 15]
[-9, -7, -7, -6, -6, -6, -6, -6, -5, -2, -2, 1, 1, 11, 17, 13, 12, 9, 8, 8, 6, 6, 18, 14, 5, 4, 13, 3, 16, 1, 15]
[-9, -7, -7, -6, -6, -6, -6, -6, -5, -2, -2, 1, 1, 9, 17, 13, 12, 11, 8, 8, 6, 6, 18, 14, 5, 4, 13, 3, 16, 1, 15]
[-9, -7, -7, -6, -6, -6, -6, -6, -5, -2, -2, 1, 1, 8, 17, 13, 12, 11, 9, 8, 6, 6, 18, 14, 5, 4, 13, 3, 16, 1, 15]
[-9, -7, -7, -6, -6, -6, -6, -6, -5, -2, -2, 1, 1, 8, 17, 13, 12, 11, 9, 8, 6, 6, 18, 14, 5, 4, 13, 3, 16, 1, 15]
[-9, -7, -7, -6, -6, -6, -6, -6, -5, -2, -2, 1, 1, 6, 17, 13, 12, 11, 9, 8, 8, 6, 18, 14, 5, 4, 13, 3, 16, 1, 15]
[-9, -7, -7, -6, -6, -6, -6, -6, -5, -2, -2, 1, 1, 6, 17, 13, 12, 11, 9, 8, 8, 6, 18, 14, 5, 4, 13, 3, 16, 1, 15]
[-9, -7, -7, -6, -6, -6, -6, -6, -5, -2, -2, 1, 1, 5, 17, 13, 12, 11, 9, 8, 8, 6, 18, 14, 6, 4, 13, 3, 16, 1, 15]
[-9, -7, -7, -6, -6, -6, -6, -6, -5, -2, -2, 1, 1, 4, 17, 13, 12, 11, 9, 8, 8, 6, 18, 14, 6, 5, 13, 3, 16, 1, 15]
[-9, -7, -7, -6, -6, -6, -6, -6, -5, -2, -2, 1, 1, 3, 17, 13, 12, 11, 9, 8, 8, 6, 18, 14, 6, 5, 13, 4, 16, 1, 15]
[-9, -7, -7, -6, -6, -6, -6, -6, -5, -2, -2, 1, 1, 1, 17, 13, 12, 11, 9, 8, 8, 6, 18, 14, 6, 5, 13, 4, 16, 3, 15]
[-9, -7, -7, -6, -6, -6, -6, -6, -5, -2, -2, 1, 1, 1, 13, 17, 12, 11, 9, 8, 8, 6, 18, 14, 6, 5, 13, 4, 16, 3, 15]
[-9, -7, -7, -6, -6, -6, -6, -6, -5, -2, -2, 1, 1, 1, 12, 17, 13, 11, 9, 8, 8, 6, 18, 14, 6, 5, 13, 4, 16, 3, 15]
[-9, -7, -7, -6, -6, -6, -6, -6, -5, -2, -2, 1, 1, 1, 11, 17, 13, 12, 9, 8, 8, 6, 18, 14, 6, 5, 13, 4, 16, 3, 15]
[-9, -7, -7, -6, -6, -6, -6, -6, -5, -2, -2, 1, 1, 1, 9, 17, 13, 12, 11, 8, 8, 6, 18, 14, 6, 5, 13, 4, 16, 3, 15]
[-9, -7, -7, -6, -6, -6, -6, -6, -5, -2, -2, 1, 1, 1, 8, 17, 13, 12, 11, 9, 8, 6, 18, 14, 6, 5, 13, 4, 16, 3, 15]
[-9, -7, -7, -6, -6, -6, -6, -6, -5, -2, -2, 1, 1, 1, 8, 17, 13, 12, 11, 9, 8, 6, 18, 14, 6, 5, 13, 4, 16, 3, 15]
[-9, -7, -7, -6, -6, -6, -6, -6, -5, -2, -2, 1, 1, 1, 6, 17, 13, 12, 11, 9, 8, 8, 18, 14, 6, 5, 13, 4, 16, 3, 15]
[-9, -7, -7, -6, -6, -6, -6, -6, -5, -2, -2, 1, 1, 1, 6, 17, 13, 12, 11, 9, 8, 8, 18, 14, 6, 5, 13, 4, 16, 3, 15]
[-9, -7, -7, -6, -6, -6, -6, -6, -5, -2, -2, 1, 1, 1, 5, 17, 13, 12, 11, 9, 8, 8, 18, 14, 6, 6, 13, 4, 16, 3, 15]
[-9, -7, -7, -6, -6, -6, -6, -6, -5, -2, -2, 1, 1, 1, 4, 17, 13, 12, 11, 9, 8, 8, 18, 14, 6, 6, 13, 5, 16, 3, 15]
[-9, -7, -7, -6, -6, -6, -6, -6, -5, -2, -2, 1, 1, 1, 3, 17, 13, 12, 11, 9, 8, 8, 18, 14, 6, 6, 13, 5, 16, 4, 15]
[-9, -7, -7, -6, -6, -6, -6, -6, -5, -2, -2, 1, 1, 1, 3, 13, 17, 12, 11, 9, 8, 8, 18, 14, 6, 6, 13, 5, 16, 4, 15]
[-9, -7, -7, -6, -6, -6, -6, -6, -5, -2, -2, 1, 1, 1, 3, 12, 17, 13, 11, 9, 8, 8, 18, 14, 6, 6, 13, 5, 16, 4, 15]
[-9, -7, -7, -6, -6, -6, -6, -6, -5, -2, -2, 1, 1, 1, 3, 11, 17, 13, 12, 9, 8, 8, 18, 14, 6, 6, 13, 5, 16, 4, 15]
[-9, -7, -7, -6, -6, -6, -6, -6, -5, -2, -2, 1, 1, 1, 3, 9, 17, 13, 12, 11, 8, 8, 18, 14, 6, 6, 13, 5, 16, 4, 15]
[-9, -7, -7, -6, -6, -6, -6, -6, -5, -2, -2, 1, 1, 1, 3, 8, 17, 13, 12, 11, 9, 8, 18, 14, 6, 6, 13, 5, 16, 4, 15]
[-9, -7, -7, -6, -6, -6, -6, -6, -5, -2, -2, 1, 1, 1, 3, 8, 17, 13, 12, 11, 9, 8, 18, 14, 6, 6, 13, 5, 16, 4, 15]
[-9, -7, -7, -6, -6, -6, -6, -6, -5, -2, -2, 1, 1, 1, 3, 6, 17, 13, 12, 11, 9, 8, 18, 14, 8, 6, 13, 5, 16, 4, 15]
[-9, -7, -7, -6, -6, -6, -6, -6, -5, -2, -2, 1, 1, 1, 3, 6, 17, 13, 12, 11, 9, 8, 18, 14, 8, 6, 13, 5, 16, 4, 15]
[-9, -7, -7, -6, -6, -6, -6, -6, -5, -2, -2, 1, 1, 1, 3, 5, 17, 13, 12, 11, 9, 8, 18, 14, 8, 6, 13, 6, 16, 4, 15]
[-9, -7, -7, -6, -6, -6, -6, -6, -5, -2, -2, 1, 1, 1, 3, 4, 17, 13, 12, 11, 9, 8, 18, 14, 8, 6, 13, 6, 16, 5, 15]
[-9, -7, -7, -6, -6, -6, -6, -6, -5, -2, -2, 1, 1, 1, 3, 4, 13, 17, 12, 11, 9, 8, 18, 14, 8, 6, 13, 6, 16, 5, 15]
[-9, -7, -7, -6, -6, -6, -6, -6, -5, -2, -2, 1, 1, 1, 3, 4, 12, 17, 13, 11, 9, 8, 18, 14, 8, 6, 13, 6, 16, 5, 15]
[-9, -7, -7, -6, -6, -6, -6, -6, -5, -2, -2, 1, 1, 1, 3, 4, 11, 17, 13, 12, 9, 8, 18, 14, 8, 6, 13, 6, 16, 5, 15]
[-9, -7, -7, -6, -6, -6, -6, -6, -5, -2, -2, 1, 1, 1, 3, 4, 9, 17, 13, 12, 11, 8, 18, 14, 8, 6, 13, 6, 16, 5, 15]
[-9, -7, -7, -6, -6, -6, -6, -6, -5, -2, -2, 1, 1, 1, 3, 4, 8, 17, 13, 12, 11, 9, 18, 14, 8, 6, 13, 6, 16, 5, 15]
[-9, -7, -7, -6, -6, -6, -6, -6, -5, -2, -2, 1, 1, 1, 3, 4, 8, 17, 13, 12, 11, 9, 18, 14, 8, 6, 13, 6, 16, 5, 15]
[-9, -7, -7, -6, -6, -6, -6, -6, -5, -2, -2, 1, 1, 1, 3, 4, 6, 17, 13, 12, 11, 9, 18, 14, 8, 8, 13, 6, 16, 5, 15]
[-9, -7, -7, -6, -6, -6, -6, -6, -5, -2, -2, 1, 1, 1, 3, 4, 6, 17, 13, 12, 11, 9, 18, 14, 8, 8, 13, 6, 16, 5, 15]
[-9, -7, -7, -6, -6, -6, -6, -6, -5, -2, -2, 1, 1, 1, 3, 4, 5, 17, 13, 12, 11, 9, 18, 14, 8, 8, 13, 6, 16, 6, 15]
[-9, -7, -7, -6, -6, -6, -6, -6, -5, -2, -2, 1, 1, 1, 3, 4, 5, 13, 17, 12, 11, 9, 18, 14, 8, 8, 13, 6, 16, 6, 15]
[-9, -7, -7, -6, -6, -6, -6, -6, -5, -2, -2, 1, 1, 1, 3, 4, 5, 12, 17, 13, 11, 9, 18, 14, 8, 8, 13, 6, 16, 6, 15]
[-9, -7, -7, -6, -6, -6, -6, -6, -5, -2, -2, 1, 1, 1, 3, 4, 5, 11, 17, 13, 12, 9, 18, 14, 8, 8, 13, 6, 16, 6, 15]
[-9, -7, -7, -6, -6, -6, -6, -6, -5, -2, -2, 1, 1, 1, 3, 4, 5, 9, 17, 13, 12, 11, 18, 14, 8, 8, 13, 6, 16, 6, 15]
[-9, -7, -7, -6, -6, -6, -6, -6, -5, -2, -2, 1, 1, 1, 3, 4, 5, 8, 17, 13, 12, 11, 18, 14, 9, 8, 13, 6, 16, 6, 15]
[-9, -7, -7, -6, -6, -6, -6, -6, -5, -2, -2, 1, 1, 1, 3, 4, 5, 8, 17, 13, 12, 11, 18, 14, 9, 8, 13, 6, 16, 6, 15]
[-9, -7, -7, -6, -6, -6, -6, -6, -5, -2, -2, 1, 1, 1, 3, 4, 5, 6, 17, 13, 12, 11, 18, 14, 9, 8, 13, 8, 16, 6, 15]
[-9, -7, -7, -6, -6, -6, -6, -6, -5, -2, -2, 1, 1, 1, 3, 4, 5, 6, 17, 13, 12, 11, 18, 14, 9, 8, 13, 8, 16, 6, 15]
[-9, -7, -7, -6, -6, -6, -6, -6, -5, -2, -2, 1, 1, 1, 3, 4, 5, 6, 13, 17, 12, 11, 18, 14, 9, 8, 13, 8, 16, 6, 15]
[-9, -7, -7, -6, -6, -6, -6, -6, -5, -2, -2, 1, 1, 1, 3, 4, 5, 6, 12, 17, 13, 11, 18, 14, 9, 8, 13, 8, 16, 6, 15]
[-9, -7, -7, -6, -6, -6, -6, -6, -5, -2, -2, 1, 1, 1, 3, 4, 5, 6, 11, 17, 13, 12, 18, 14, 9, 8, 13, 8, 16, 6, 15]
[-9, -7, -7, -6, -6, -6, -6, -6, -5, -2, -2, 1, 1, 1, 3, 4, 5, 6, 9, 17, 13, 12, 18, 14, 11, 8, 13, 8, 16, 6, 15]
[-9, -7, -7, -6, -6, -6, -6, -6, -5, -2, -2, 1, 1, 1, 3, 4, 5, 6, 8, 17, 13, 12, 18, 14, 11, 9, 13, 8, 16, 6, 15]
[-9, -7, -7, -6, -6, -6, -6, -6, -5, -2, -2, 1, 1, 1, 3, 4, 5, 6, 8, 17, 13, 12, 18, 14, 11, 9, 13, 8, 16, 6, 15]
[-9, -7, -7, -6, -6, -6, -6, -6, -5, -2, -2, 1, 1, 1, 3, 4, 5, 6, 6, 17, 13, 12, 18, 14, 11, 9, 13, 8, 16, 8, 15]
[-9, -7, -7, -6, -6, -6, -6, -6, -5, -2, -2, 1, 1, 1, 3, 4, 5, 6, 6, 13, 17, 12, 18, 14, 11, 9, 13, 8, 16, 8, 15]
[-9, -7, -7, -6, -6, -6, -6, -6, -5, -2, -2, 1, 1, 1, 3, 4, 5, 6, 6, 12, 17, 13, 18, 14, 11, 9, 13, 8, 16, 8, 15]
[-9, -7, -7, -6, -6, -6, -6, -6, -5, -2, -2, 1, 1, 1, 3, 4, 5, 6, 6, 11, 17, 13, 18, 14, 12, 9, 13, 8, 16, 8, 15]
[-9, -7, -7, -6, -6, -6, -6, -6, -5, -2, -2, 1, 1, 1, 3, 4, 5, 6, 6, 9, 17, 13, 18, 14, 12, 11, 13, 8, 16, 8, 15]
[-9, -7, -7, -6, -6, -6, -6, -6, -5, -2, -2, 1, 1, 1, 3, 4, 5, 6, 6, 8, 17, 13, 18, 14, 12, 11, 13, 9, 16, 8, 15]
[-9, -7, -7, -6, -6, -6, -6, -6, -5, -2, -2, 1, 1, 1, 3, 4, 5, 6, 6, 8, 17, 13, 18, 14, 12, 11, 13, 9, 16, 8, 15]
[-9, -7, -7, -6, -6, -6, -6, -6, -5, -2, -2, 1, 1, 1, 3, 4, 5, 6, 6, 8, 13, 17, 18, 14, 12, 11, 13, 9, 16, 8, 15]
[-9, -7, -7, -6, -6, -6, -6, -6, -5, -2, -2, 1, 1, 1, 3, 4, 5, 6, 6, 8, 12, 17, 18, 14, 13, 11, 13, 9, 16, 8, 15]
[-9, -7, -7, -6, -6, -6, -6, -6, -5, -2, -2, 1, 1, 1, 3, 4, 5, 6, 6, 8, 11, 17, 18, 14, 13, 12, 13, 9, 16, 8, 15]
[-9, -7, -7, -6, -6, -6, -6, -6, -5, -2, -2, 1, 1, 1, 3, 4, 5, 6, 6, 8, 9, 17, 18, 14, 13, 12, 13, 11, 16, 8, 15]
[-9, -7, -7, -6, -6, -6, -6, -6, -5, -2, -2, 1, 1, 1, 3, 4, 5, 6, 6, 8, 8, 17, 18, 14, 13, 12, 13, 11, 16, 9, 15]
[-9, -7, -7, -6, -6, -6, -6, -6, -5, -2, -2, 1, 1, 1, 3, 4, 5, 6, 6, 8, 8, 14, 18, 17, 13, 12, 13, 11, 16, 9, 15]
[-9, -7, -7, -6, -6, -6, -6, -6, -5, -2, -2, 1, 1, 1, 3, 4, 5, 6, 6, 8, 8, 13, 18, 17, 14, 12, 13, 11, 16, 9, 15]
[-9, -7, -7, -6, -6, -6, -6, -6, -5, -2, -2, 1, 1, 1, 3, 4, 5, 6, 6, 8, 8, 12, 18, 17, 14, 13, 13, 11, 16, 9, 15]
[-9, -7, -7, -6, -6, -6, -6, -6, -5, -2, -2, 1, 1, 1, 3, 4, 5, 6, 6, 8, 8, 11, 18, 17, 14, 13, 13, 12, 16, 9, 15]
[-9, -7, -7, -6, -6, -6, -6, -6, -5, -2, -2, 1, 1, 1, 3, 4, 5, 6, 6, 8, 8, 9, 18, 17, 14, 13, 13, 12, 16, 11, 15]
[-9, -7, -7, -6, -6, -6, -6, -6, -5, -2, -2, 1, 1, 1, 3, 4, 5, 6, 6, 8, 8, 9, 17, 18, 14, 13, 13, 12, 16, 11, 15]
[-9, -7, -7, -6, -6, -6, -6, -6, -5, -2, -2, 1, 1, 1, 3, 4, 5, 6, 6, 8, 8, 9, 14, 18, 17, 13, 13, 12, 16, 11, 15]
[-9, -7, -7, -6, -6, -6, -6, -6, -5, -2, -2, 1, 1, 1, 3, 4, 5, 6, 6, 8, 8, 9, 13, 18, 17, 14, 13, 12, 16, 11, 15]
[-9, -7, -7, -6, -6, -6, -6, -6, -5, -2, -2, 1, 1, 1, 3, 4, 5, 6, 6, 8, 8, 9, 13, 18, 17, 14, 13, 12, 16, 11, 15]
[-9, -7, -7, -6, -6, -6, -6, -6, -5, -2, -2, 1, 1, 1, 3, 4, 5, 6, 6, 8, 8, 9, 12, 18, 17, 14, 13, 13, 16, 11, 15]
[-9, -7, -7, -6, -6, -6, -6, -6, -5, -2, -2, 1, 1, 1, 3, 4, 5, 6, 6, 8, 8, 9, 11, 18, 17, 14, 13, 13, 16, 12, 15]
[-9, -7, -7, -6, -6, -6, -6, -6, -5, -2, -2, 1, 1, 1, 3, 4, 5, 6, 6, 8, 8, 9, 11, 17, 18, 14, 13, 13, 16, 12, 15]
[-9, -7, -7, -6, -6, -6, -6, -6, -5, -2, -2, 1, 1, 1, 3, 4, 5, 6, 6, 8, 8, 9, 11, 14, 18, 17, 13, 13, 16, 12, 15]
[-9, -7, -7, -6, -6, -6, -6, -6, -5, -2, -2, 1, 1, 1, 3, 4, 5, 6, 6, 8, 8, 9, 11, 13, 18, 17, 14, 13, 16, 12, 15]
[-9, -7, -7, -6, -6, -6, -6, -6, -5, -2, -2, 1, 1, 1, 3, 4, 5, 6, 6, 8, 8, 9, 11, 13, 18, 17, 14, 13, 16, 12, 15]
[-9, -7, -7, -6, -6, -6, -6, -6, -5, -2, -2, 1, 1, 1, 3, 4, 5, 6, 6, 8, 8, 9, 11, 12, 18, 17, 14, 13, 16, 13, 15]
[-9, -7, -7, -6, -6, -6, -6, -6, -5, -2, -2, 1, 1, 1, 3, 4, 5, 6, 6, 8, 8, 9, 11, 12, 17, 18, 14, 13, 16, 13, 15]
[-9, -7, -7, -6, -6, -6, -6, -6, -5, -2, -2, 1, 1, 1, 3, 4, 5, 6, 6, 8, 8, 9, 11, 12, 14, 18, 17, 13, 16, 13, 15]
[-9, -7, -7, -6, -6, -6, -6, -6, -5, -2, -2, 1, 1, 1, 3, 4, 5, 6, 6, 8, 8, 9, 11, 12, 13, 18, 17, 14, 16, 13, 15]
[-9, -7, -7, -6, -6, -6, -6, -6, -5, -2, -2, 1, 1, 1, 3, 4, 5, 6, 6, 8, 8, 9, 11, 12, 13, 18, 17, 14, 16, 13, 15]
[-9, -7, -7, -6, -6, -6, -6, -6, -5, -2, -2, 1, 1, 1, 3, 4, 5, 6, 6, 8, 8, 9, 11, 12, 13, 17, 18, 14, 16, 13, 15]
[-9, -7, -7, -6, -6, -6, -6, -6, -5, -2, -2, 1, 1, 1, 3, 4, 5, 6, 6, 8, 8, 9, 11, 12, 13, 14, 18, 17, 16, 13, 15]
[-9, -7, -7, -6, -6, -6, -6, -6, -5, -2, -2, 1, 1, 1, 3, 4, 5, 6, 6, 8, 8, 9, 11, 12, 13, 13, 18, 17, 16, 14, 15]
[-9, -7, -7, -6, -6, -6, -6, -6, -5, -2, -2, 1, 1, 1, 3, 4, 5, 6, 6, 8, 8, 9, 11, 12, 13, 13, 17, 18, 16, 14, 15]
[-9, -7, -7, -6, -6, -6, -6, -6, -5, -2, -2, 1, 1, 1, 3, 4, 5, 6, 6, 8, 8, 9, 11, 12, 13, 13, 16, 18, 17, 14, 15]
[-9, -7, -7, -6, -6, -6, -6, -6, -5, -2, -2, 1, 1, 1, 3, 4, 5, 6, 6, 8, 8, 9, 11, 12, 13, 13, 14, 18, 17, 16, 15]
[-9, -7, -7, -6, -6, -6, -6, -6, -5, -2, -2, 1, 1, 1, 3, 4, 5, 6, 6, 8, 8, 9, 11, 12, 13, 13, 14, 17, 18, 16, 15]
[-9, -7, -7, -6, -6, -6, -6, -6, -5, -2, -2, 1, 1, 1, 3, 4, 5, 6, 6, 8, 8, 9, 11, 12, 13, 13, 14, 16, 18, 17, 15]
[-9, -7, -7, -6, -6, -6, -6, -6, -5, -2, -2, 1, 1, 1, 3, 4, 5, 6, 6, 8, 8, 9, 11, 12, 13, 13, 14, 15, 18, 17, 16]
[-9, -7, -7, -6, -6, -6, -6, -6, -5, -2, -2, 1, 1, 1, 3, 4, 5, 6, 6, 8, 8, 9, 11, 12, 13, 13, 14, 15, 17, 18, 16]
[-9, -7, -7, -6, -6, -6, -6, -6, -5, -2, -2, 1, 1, 1, 3, 4, 5, 6, 6, 8, 8, 9, 11, 12, 13, 13, 14, 15, 16, 18, 17]
[-9, -7, -7, -6, -6, -6, -6, -6, -5, -2, -2, 1, 1, 1, 3, 4, 5, 6, 6, 8, 8, 9, 11, 12, 13, 13, 14, 15, 16, 17, 18]
[15, -9, 6, 12, 7, -1, 13, 9, -5, 12, 12, 0, 10, 10, 10, -3, 13, 10, 12, -8, 17, 2, 3, 10, -8]
[-9, 15, 6, 12, 7, -1, 13, 9, -5, 12, 12, 0, 10, 10, 10, -3, 13, 10, 12, -8, 17, 2, 3, 10, -8]
[-9, 6, 15, 12, 7, -1, 13, 9, -5, 12, 12, 0, 10, 10, 10, -3, 13, 10, 12, -8, 17, 2, 3, 10, -8]
[-9, -1, 15, 12, 7, 6, 13, 9, -5, 12, 12, 0, 10, 10, 10, -3, 13, 10, 12, -8, 17, 2, 3, 10, -8]
[-9, -5, 15, 12, 7, 6, 13, 9, -1, 12, 12, 0, 10, 10, 10, -3, 13, 10, 12, -8, 17, 2, 3, 10, -8]
[-9, -8, 15, 12, 7, 6, 13, 9, -1, 12, 12, 0, 10, 10, 10, -3, 13, 10, 12, -5, 17, 2, 3, 10, -8]
[-9, -8, 15, 12, 7, 6, 13, 9, -1, 12, 12, 0, 10, 10, 10, -3, 13, 10, 12, -5, 17, 2, 3, 10, -8]
[-9, -8, 12, 15, 7, 6, 13, 9, -1, 12, 12, 0, 10, 10, 10, -3, 13, 10, 12, -5, 17, 2, 3, 10, -8]
[-9, -8, 7, 15, 12, 6, 13, 9, -1, 12, 12, 0, 10, 10, 10, -3, 13, 10, 12, -5, 17, 2, 3, 10, -8]
[-9, -8, 6, 15, 12, 7, 13, 9, -1, 12, 12, 0, 10, 10, 10, -3, 13, 10, 12, -5, 17, 2, 3, 10, -8]
[-9, -8, -1, 15, 12, 7, 13, 9, 6, 12, 12, 0, 10, 10, 10, -3, 13, 10, 12, -5, 17, 2, 3, 10, -8]
[-9, -8, -3, 15, 12, 7, 13, 9, 6, 12, 12, 0, 10, 10, 10, -1, 13, 10, 12, -5, 17, 2, 3, 10, -8]
[-9, -8, -5, 15, 12, 7, 13, 9, 6, 12, 12, 0, 10, 10, 10, -1, 13, 10, 12, -3, 17, 2, 3, 10, -8]
[-9, -8, -8, 15, 12, 7, 13, 9, 6, 12, 12, 0, 10, 10, 10, -1, 13, 10, 12, -3, 17, 2, 3, 10, -5]
[-9, -8, -8, 12, 15, 7, 13, 9, 6, 12, 12, 0, 10, 10, 10, -1, 13, 10, 12, -3, 17, 2, 3, 10, -5]
[-9, -8, -8, 7, 15, 12, 13, 9, 6, 12, 12, 0, 10, 10, 10, -1, 13, 10, 12, -3, 17, 2, 3, 10, -5]
[-9, -8, -8, 6, 15, 12, 13, 9, 7, 12, 12, 0, 10, 10, 10, -1, 13, 10, 12, -3, 17, 2, 3, 10, -5]
[-9, -8, -8, 0, 15, 12, 13, 9, 7, 12, 12, 6, 10, 10, 10, -1, 13, 10, 12, -3, 17, 2, 3, 10, -5]
[-9, -8, -8, -1, 15, 12, 13, 9, 7, 12, 12, 6, 10, 10, 10, 0, 13, 10, 12, -3, 17, 2, 3, 10, -5]
[-9, -8, -8, -3, 15, 12, 13, 9, 7, 12, 12, 6, 10, 10, 10, 0, 13, 10, 12, -1, 17, 2, 3, 10, -5]
[-9, -8, -8, -5, 15, 12, 13, 9, 7, 12, 12, 6, 10, 10, 10, 0, 13, 10, 12, -1, 17, 2, 3, 10, -3]
[-9, -8, -8, -5, 12, 15, 13, 9, 7, 12, 12, 6, 10, 10, 10, 0, 13, 10, 12, -1, 17, 2, 3, 10, -3]
[-9, -8, -8, -5, 9, 15, 13, 12, 7, 12, 12, 6, 10, 10, 10, 0, 13, 10, 12, -1, 17, 2, 3, 10, -3]
[-9, -8, -8, -5, 7, 15, 13, 12, 9, 12, 12, 6, 10, 10, 10, 0, 13, 10, 12, -1, 17, 2, 3, 10, -3]
[-9, -8, -8, -5, 6, 15, 13, 12, 9, 12, 12, 7, 10, 10, 10, 0, 13, 10, 12, -1, 17, 2, 3, 10, -3]
[-9, -8, -8, -5, 0, 15, 13, 12, 9, 12, 12, 7, 10, 10, 10, 6, 13, 10, 12, -1, 17, 2, 3, 10, -3]
[-9, -8, -8, -5, -1, 15, 13, 12, 9, 12, 12, 7, 10, 10, 10, 6, 13, 10, 12, 0, 17, 2, 3, 10, -3]
[-9, -8, -8, -5, -3, 15, 13, 12, 9, 12, 12, 7, 10, 10, 10, 6, 13, 10, 12, 0, 17, 2, 3, 10, -1]
[-9, -8, -8, -5, -3, 13, 15, 12, 9, 12, 12, 7, 10, 10, 10, 6, 13, 10, 12, 0, 17, 2, 3, 10, -1]
[-9, -8, -8, -5, -3, 12, 15, 13, 9, 12, 12, 7, 10, 10, 10, 6, 13, 10, 12, 0, 17, 2, 3, 10, -1]
[-9, -8, -8, -5, -3, 9, 15, 13, 12, 12, 12, 7, 10, 10, 10, 6, 13, 10, 12, 0, 17, 2, 3, 10, -1]
[-9, -8, -8, -5, -3, 7, 15, 13, 12, 12, 12, 9, 10, 10, 10, 6, 13, 10, 12, 0, 17, 2, 3, 10, -1]
[-9, -8, -8, -5, -3, 6, 15, 13, 12, 12, 12, 9, 10, 10, 10, 7, 13, 10, 12, 0, 17, 2, 3, 10, -1]
[-9, -8, -8, -5, -3, 0, 15, 13, 12, 12, 12, 9, 10, 10, 10, 7, 13, 10, 12, 6, 17, 2, 3, 10, -1]
[-9, -8, -8, -5, -3, -1, 15, 13, 12, 12, 12, 9, 10, 10, 10, 7, 13, 10, 12, 6, 17, 2, 3, 10, 0]
[-9, -8, -8, -5, -3, -1, 13, 15, 12, 12, 12, 9, 10, 10, 10, 7, 13, 10, 12, 6, 17, 2, 3, 10, 0]
[-9, -8, -8, -5, -3, -1, 12, 15, 13, 12, 12, 9, 10, 10, 10, 7, 13, 10, 12, 6, 17, 2, 3, 10, 0]
[-9, -8, -8, -5, -3, -1, 12, 15, 13, 12, 12, 9, 10, 10, 10, 7, 13, 10, 12, 6, 17, 2, 3, 10, 0]
[-9, -8, -8, -5, -3, -1, 12, 15, 13, 12, 12, 9, 10, 10, 10, 7, 13, 10, 12, 6, 17, 2, 3, 10, 0]
[-9, -8, -8, -5, -3, -1, 9, 15, 13, 12, 12, 12, 10, 10, 10, 7, 13, 10, 12, 6, 17, 2, 3, 10, 0]
[-9, -8, -8, -5, -3, -1, 7, 15, 13, 12, 12, 12, 10, 10, 10, 9, 13, 10, 12, 6, 17, 2, 3, 10, 0]
[-9, -8, -8, -5, -3, -1, 6, 15, 13, 12, 12, 12, 10, 10, 10, 9, 13, 10, 12, 7, 17, 2, 3, 10, 0]
[-9, -8, -8, -5, -3, -1, 2, 15, 13, 12, 12, 12, 10, 10, 10, 9, 13, 10, 12, 7, 17, 6, 3, 10, 0]
[-9, -8, -8, -5, -3, -1, 0, 15, 13, 12, 12, 12, 10, 10, 10, 9, 13, 10, 12, 7, 17, 6, 3, 10, 2]
[-9, -8, -8, -5, -3, -1, 0, 13, 15, 12, 12, 12, 10, 10, 10, 9, 13, 10, 12, 7, 17, 6, 3, 10, 2]
[-9, -8, -8, -5, -3, -1, 0, 12, 15, 13, 12, 12, 10, 10, 10, 9, 13, 10, 12, 7, 17, 6, 3, 10, 2]
[-9, -8, -8, -5, -3, -1, 0, 12, 15, 13, 12, 12, 10, 10, 10, 9, 13, 10, 12, 7, 17, 6, 3, 10, 2]
[-9, -8, -8, -5, -3, -1, 0, 12, 15, 13, 12, 12, 10, 10, 10, 9, 13, 10, 12, 7, 17, 6, 3, 10, 2]
[-9, -8, -8, -5, -3, -1, 0, 10, 15, 13, 12, 12, 12, 10, 10, 9, 13, 10, 12, 7, 17, 6, 3, 10, 2]
[-9, -8, -8, -5, -3, -1, 0, 10, 15, 13, 12, 12, 12, 10, 10, 9, 13, 10, 12, 7, 17, 6, 3, 10, 2]
[-9, -8, -8, -5, -3, -1, 0, 10, 15, 13, 12, 12, 12, 10, 10, 9, 13, 10, 12, 7, 17, 6, 3, 10, 2]
[-9, -8, -8, -5, -3, -1, 0, 9, 15, 13, 12, 12, 12, 10, 10, 10, 13, 10, 12, 7, 17, 6, 3, 10, 2]
[-9, -8, -8, -5, -3, -1, 0, 7, 15, 13, 12, 12, 12, 10, 10, 10, 13, 10, 12, 9, 17, 6, 3, 10, 2]
[-9, -8, -8, -5, -3, -1, 0, 6, 15, 13, 12, 12, 12, 10, 10, 10, 13, 10, 12, 9, 17, 7, 3, 10, 2]
[-9, -8, -8, -5, -3, -1, 0, 3, 15, 13, 12, 12, 12, 10, 10, 10, 13, 10, 12, 9, 17, 7, 6, 10, 2]
[-9, -8, -8, -5, -3, -1, 0, 2, 15, 13, 12, 12, 12, 10, 10, 10, 13, 10, 12, 9, 17, 7, 6, 10, 3]
[-9, -8, -8, -5, -3, -1, 0, 2, 13, 15, 12, 12, 12, 10, 10, 10, 13, 10, 12, 9, 17, 7, 6, 10, 3]
[-9, -8, -8, -5, -3, -1, 0, 2, 12, 15, 13, 12, 12, 10, 10, 10, 13, 10, 12, 9, 17, 7, 6, 10, 3]
[-9, -8, -8, -5, -3, -1, 0, 2, 12, 15, 13, 12, 12, 10, 10, 10, 13, 10, 12, 9, 17, 7, 6, 10, 3]
[-9, -8, -8, -5, -3, -1, 0, 2, 12, 15, 13, 12, 12, 10, 10, 10, 13, 10, 12, 9, 17, 7, 6, 10, 3]
[-9, -8, -8, -5, -3, -1, 0, 2, 10, 15, 13, 12, 12, 12, 10, 10, 13, 10, 12, 9, 17, 7, 6, 10, 3]
[-9, -8, -8, -5, -3, -1, 0, 2, 10, 15, 13, 12, 12, 12, 10, 10, 13, 10, 12, 9, 17, 7, 6, 10, 3]
[-9, -8, -8, -5, -3, -1, 0, 2, 10, 15, 13, 12, 12, 12, 10, 10, 13, 10, 12, 9, 17, 7, 6, 10, 3]
[-9, -8, -8, -5, -3, -1, 0, 2, 10, 15, 13, 12, 12, 12, 10, 10, 13, 10, 12, 9, 17, 7, 6, 10, 3]
[-9, -8, -8, -5, -3, -1, 0, 2, 9, 15, 13, 12, 12, 12, 10, 10, 13, 10, 12, 10, 17, 7, 6, 10, 3]
[-9, -8, -8, -5, -3, -1, 0, 2, 7, 15, 13, 12, 12, 12, 10, 10, 13, 10, 12, 10, 17, 9, 6, 10, 3]
[-9, -8, -8, -5, -3, -1, 0, 2, 6, 15, 13, 12, 12, 12, 10, 10, 13, 10, 12, 10, 17, 9, 7, 10, 3]
[-9, -8, -8, -5, -3, -1, 0, 2, 3, 15, 13, 12, 12, 12, 10, 10, 13, 10, 12, 10, 17, 9, 7, 10, 6]
[-9, -8, -8, -5, -3, -1, 0, 2, 3, 13, 15, 12, 12, 12, 10, 10, 13, 10, 12, 10, 17, 9, 7, 10, 6]
[-9, -8, -8, -5, -3, -1, 0, 2, 3, 12, 15, 13, 12, 12, 10, 10, 13, 10, 12, 10, 17, 9, 7, 10, 6]
[-9, -8, -8, -5, -3, -1, 0, 2, 3, 12, 15, 13, 12, 12, 10, 10, 13, 10, 12, 10, 17, 9, 7, 10, 6]
[-9, -8, -8, -5, -3, -1, 0, 2, 3, 12, 15, 13, 12, 12, 10, 10, 13, 10, 12, 10, 17, 9, 7, 10, 6]
[-9, -8, -8, -5, -3, -1, 0, 2, 3, 10, 15, 13, 12, 12, 12, 10, 13, 10, 12, 10, 17, 9, 7, 10, 6]
[-9, -8, -8, -5, -3, -1, 0, 2, 3, 10, 15, 13, 12, 12, 12, 10, 13, 10, 12, 10, 17, 9, 7, 10, 6]
[-9, -8, -8, -5, -3, -1, 0, 2, 3, 10, 15, 13, 12, 12, 12, 10, 13, 10, 12, 10, 17, 9, 7, 10, 6]
[-9, -8, -8, -5, -3, -1, 0, 2, 3, 10, 15, 13, 12, 12, 12, 10, 13, 10, 12, 10, 17, 9, 7, 10, 6]
[-9, -8, -8, -5, -3, -1, 0, 2, 3, 9, 15, 13, 12, 12, 12, 10, 13, 10, 12, 10, 17, 10, 7, 10, 6]
[-9, -8, -8, -5, -3, -1, 0, 2, 3, 7, 15, 13, 12, 12, 12, 10, 13, 10, 12, 10, 17, 10, 9, 10, 6]
[-9, -8, -8, -5, -3, -1, 0, 2, 3, 6, 15, 13, 12, 12, 12, 10, 13, 10, 12, 10, 17, 10, 9, 10, 7]
[-9, -8, -8, -5, -3, -1, 0, 2, 3, 6, 13, 15, 12, 12, 12, 10, 13, 10, 12, 10, 17, 10, 9, 10, 7]
[-9, -8, -8, -5, -3, -1, 0, 2, 3, 6, 12, 15, 13, 12, 12, 10, 13, 10, 12, 10, 17, 10, 9, 10, 7]
[-9, -8, -8, -5, -3, -1, 0, 2, 3, 6, 12, 15, 13, 12, 12, 10, 13, 10, 12, 10, 17, 10, 9, 10, 7]
[-9, -8, -8, -5, -3, -1, 0, 2, 3, 6, 12, 15, 13, 12, 12, 10, 13, 10, 12, 10, 17, 10, 9, 10, 7]
[-9, -8, -8, -5, -3, -1, 0, 2, 3, 6, 10, 15, 13, 12, 12, 12, 13, 10, 12, 10, 17, 10, 9, 10, 7]
[-9, -8, -8, -5, -3, -1, 0, 2, 3, 6, 10, 15, 13, 12, 12, 12, 13, 10, 12, 10, 17, 10, 9, 10, 7]
[-9, -8, -8, -5, -3, -1, 0, 2, 3, 6, 10, 15, 13, 12, 12, 12, 13, 10, 12, 10, 17, 10, 9, 10, 7]
[-9, -8, -8, -5, -3, -1, 0, 2, 3, 6, 10, 15, 13, 12, 12, 12, 13, 10, 12, 10, 17, 10, 9, 10, 7]
[-9, -8, -8, -5, -3, -1, 0, 2, 3, 6, 9, 15, 13, 12, 12, 12, 13, 10, 12, 10, 17, 10, 10, 10, 7]
[-9, -8, -8, -5, -3, -1, 0, 2, 3, 6, 7, 15, 13, 12, 12, 12, 13, 10, 12, 10, 17, 10, 10, 10, 9]
[-9, -8, -8, -5, -3, -1, 0, 2, 3, 6, 7, 13, 15, 12, 12, 12, 13, 10, 12, 10, 17, 10, 10, 10, 9]
[-9, -8, -8, -5, -3, -1, 0, 2, 3, 6, 7, 12, 15, 13, 12, 12, 13, 10, 12, 10, 17, 10, 10, 10, 9]
[-9, -8, -8, -5, -3, -1, 0, 2, 3, 6, 7, 12, 15, 13, 12, 12, 13, 10, 12, 10, 17, 10, 10, 10, 9]
[-9, -8, -8, -5, -3, -1, 0, 2, 3, 6, 7, 12, 15, 13, 12, 12, 13, 10, 12, 10, 17, 10, 10, 10, 9]
[-9, -8, -8, -5, -3, -1, 0, 2, 3, 6, 7, 10, 15, 13, 12, 12, 13, 12, 12, 10, 17, 10, 10, 10, 9]
[-9, -8, -8, -5, -3, -1, 0, 2, 3, 6, 7, 10, 15, 13, 12, 12, 13, 12, 12, 10, 17, 10, 10, 10, 9]
[-9, -8, -8, -5, -3, -1, 0, 2, 3, 6, 7, 10, 15, 13, 12, 12, 13, 12, 12, 10, 17, 10, 10, 10, 9]
[-9, -8, -8, -5, -3, -1, 0, 2, 3, 6, 7, 10, 15, 13, 12, 12, 13, 12, 12, 10, 17, 10, 10, 10, 9]
[-9, -8, -8, -5, -3, -1, 0, 2, 3, 6, 7, 10, 15, 13, 12, 12, 13, 12, 12, 10, 17, 10, 10, 10, 9]
[-9, -8, -8, -5, -3, -1, 0, 2, 3, 6, 7, 9, 15, 13, 12, 12, 13, 12, 12, 10, 17, 10, 10, 10, 10]
[-9, -8, -8, -5, -3, -1, 0, 2, 3, 6, 7, 9, 13, 15, 12, 12, 13, 12, 12, 10, 17, 10, 10, 10, 10]
[-9, -8, -8, -5, -3, -1, 0, 2, 3, 6, 7, 9, 12, 15, 13, 12, 13, 12, 12, 10, 17, 10, 10, 10, 10]
[-9, -8, -8, -5, -3, -1, 0, 2, 3, 6, 7, 9, 12, 15, 13, 12, 13, 12, 12, 10, 17, 10, 10, 10, 10]
[-9, -8, -8, -5, -3, -1, 0, 2, 3, 6, 7, 9, 12, 15, 13, 12, 13, 12, 12, 10, 17, 10, 10, 10, 10]
[-9, -8, -8, -5, -3, -1, 0, 2, 3, 6, 7, 9, 12, 15, 13, 12, 13, 12, 12, 10, 17, 10, 10, 10, 10]
[-9, -8, -8, -5, -3, -1, 0, 2, 3, 6, 7, 9, 10, 15, 13, 12, 13, 12, 12, 12, 17, 10, 10, 10, 10]
[-9, -8, -8, -5, -3, -1, 0, 2, 3, 6, 7, 9, 10, 15, 13, 12, 13, 12, 12, 12, 17, 10, 10, 10, 10]
[-9, -8, -8, -5, -3, -1, 0, 2, 3, 6, 7, 9, 10, 15, 13, 12, 13, 12, 12, 12, 17, 10, 10, 10, 10]
[-9, -8, -8, -5, -3, -1, 0, 2, 3, 6, 7, 9, 10, 15, 13, 12, 13, 12, 12, 12, 17, 10, 10, 10, 10]
[-9, -8, -8, -5, -3, -1, 0, 2, 3, 6, 7, 9, 10, 15, 13, 12, 13, 12, 12, 12, 17, 10, 10, 10, 10]
[-9, -8, -8, -5, -3, -1, 0, 2, 3, 6, 7, 9, 10, 13, 15, 12, 13, 12, 12, 12, 17, 10, 10, 10, 10]
[-9, -8, -8, -5, -3, -1, 0, 2, 3, 6, 7, 9, 10, 12, 15, 13, 13, 12, 12, 12, 17, 10, 10, 10, 10]
[-9, -8, -8, -5, -3, -1, 0, 2, 3, 6, 7, 9, 10, 12, 15, 13, 13, 12, 12, 12, 17, 10, 10, 10, 10]
[-9, -8, -8, -5, -3, -1, 0, 2, 3, 6, 7, 9, 10, 12, 15, 13, 13, 12, 12, 12, 17, 10, 10, 10, 10]
[-9, -8, -8, -5, -3, -1, 0, 2, 3, 6, 7, 9, 10, 12, 15, 13, 13, 12, 12, 12, 17, 10, 10, 10, 10]
[-9, -8, -8, -5, -3, -1, 0, 2, 3, 6, 7, 9, 10, 10, 15, 13, 13, 12, 12, 12, 17, 12, 10, 10, 10]
[-9, -8, -8, -5, -3, -1, 0, 2, 3, 6, 7, 9, 10, 10, 15, 13, 13, 12, 12, 12, 17, 12, 10, 10, 10]
[-9, -8, -8, -5, -3, -1, 0, 2, 3, 6, 7, 9, 10, 10, 15, 13, 13, 12, 12, 12, 17, 12, 10, 10, 10]
[-9, -8, -8, -5, -3, -1, 0, 2, 3, 6, 7, 9, 10, 10, 15, 13, 13, 12, 12, 12, 17, 12, 10, 10, 10]
[-9, -8, -8, -5, -3, -1, 0, 2, 3, 6, 7, 9, 10, 10, 13, 15, 13, 12, 12, 12, 17, 12, 10, 10, 10]
[-9, -8, -8, -5, -3, -1, 0, 2, 3, 6, 7, 9, 10, 10, 13, 15, 13, 12, 12, 12, 17, 12, 10, 10, 10]
[-9, -8, -8, -5, -3, -1, 0, 2, 3, 6, 7, 9, 10, 10, 12, 15, 13, 13, 12, 12, 17, 12, 10, 10, 10]
[-9, -8, -8, -5, -3, -1, 0, 2, 3, 6, 7, 9, 10, 10, 12, 15, 13, 13, 12, 12, 17, 12, 10, 10, 10]
[-9, -8, -8, -5, -3, -1, 0, 2, 3, 6, 7, 9, 10, 10, 12, 15, 13, 13, 12, 12, 17, 12, 10, 10, 10]
[-9, -8, -8, -5, -3, -1, 0, 2, 3, 6, 7, 9, 10, 10, 12, 15, 13, 13, 12, 12, 17, 12, 10, 10, 10]
[-9, -8, -8, -5, -3, -1, 0, 2, 3, 6, 7, 9, 10, 10, 10, 15, 13, 13, 12, 12, 17, 12, 12, 10, 10]
[-9, -8, -8, -5, -3, -1, 0, 2, 3, 6, 7, 9, 10, 10, 10, 15, 13, 13, 12, 12, 17, 12, 12, 10, 10]
[-9, -8, -8, -5, -3, -1, 0, 2, 3, 6, 7, 9, 10, 10, 10, 15, 13, 13, 12, 12, 17, 12, 12, 10, 10]
[-9, -8, -8, -5, -3, -1, 0, 2, 3, 6, 7, 9, 10, 10, 10, 13, 15, 13, 12, 12, 17, 12, 12, 10, 10]
[-9, -8, -8, -5, -3, -1, 0, 2, 3, 6, 7, 9, 10, 10, 10, 13, 15, 13, 12, 12, 17, 12, 12, 10, 10]
[-9, -8, -8, -5, -3, -1, 0, 2, 3, 6, 7, 9, 10, 10, 10, 12, 15, 13, 13, 12, 17, 12, 12, 10, 10]
[-9, -8, -8, -5, -3, -1, 0, 2, 3, 6, 7, 9, 10, 10, 10, 12, 15, 13, 13, 12, 17, 12, 12, 10, 10]
[-9, -8, -8, -5, -3, -1, 0, 2, 3, 6, 7, 9, 10, 10, 10, 12, 15, 13, 13, 12, 17, 12, 12, 10, 10]
[-9, -8, -8, -5, -3, -1, 0, 2, 3, 6, 7, 9, 10, 10, 10, 12, 15, 13, 13, 12, 17, 12, 12, 10, 10]
[-9, -8, -8, -5, -3, -1, 0, 2, 3, 6, 7, 9, 10, 10, 10, 10, 15, 13, 13, 12, 17, 12, 12, 12, 10]
[-9, -8, -8, -5, -3, -1, 0, 2, 3, 6, 7, 9, 10, 10, 10, 10, 15, 13, 13, 12, 17, 12, 12, 12, 10]
[-9, -8, -8, -5, -3, -1, 0, 2, 3, 6, 7, 9, 10, 10, 10, 10, 13, 15, 13, 12, 17, 12, 12, 12, 10]
[-9, -8, -8, -5, -3, -1, 0, 2, 3, 6, 7, 9, 10, 10, 10, 10, 13, 15, 13, 12, 17, 12, 12, 12, 10]
[-9, -8, -8, -5, -3, -1, 0, 2, 3, 6, 7, 9, 10, 10, 10, 10, 12, 15, 13, 13, 17, 12, 12, 12, 10]
[-9, -8, -8, -5, -3, -1, 0, 2, 3, 6, 7, 9, 10, 10, 10, 10, 12, 15, 13, 13, 17, 12, 12, 12, 10]
[...]
[-8, -8, -7, -4, -4, -2, -2, -1, -1, 0, 0, 1, 1, 1, 1, 2, 2, 3, 5, 6, 6, 6, 8, 20, 20, 19, 19, 19, 18, 15, 15, 13, 12, 14, 11, 6]
[-8, -8, -7, -4, -4, -2, -2, -1, -1, 0, 0, 1, 1, 1, 1, 2, 2, 3, 5, 6, 6, 6, 6, 20, 20, 19, 19, 19, 18, 15, 15, 13, 12, 14, 11, 8]
[-8, -8, -7, -4, -4, -2, -2, -1, -1, 0, 0, 1, 1, 1, 1, 2, 2, 3, 5, 6, 6, 6, 6, 20, 20, 19, 19, 19, 18, 15, 15, 13, 12, 14, 11, 8]
[-8, -8, -7, -4, -4, -2, -2, -1, -1, 0, 0, 1, 1, 1, 1, 2, 2, 3, 5, 6, 6, 6, 6, 19, 20, 20, 19, 19, 18, 15, 15, 13, 12, 14, 11, 8]
[-8, -8, -7, -4, -4, -2, -2, -1, -1, 0, 0, 1, 1, 1, 1, 2, 2, 3, 5, 6, 6, 6, 6, 19, 20, 20, 19, 19, 18, 15, 15, 13, 12, 14, 11, 8]
[-8, -8, -7, -4, -4, -2, -2, -1, -1, 0, 0, 1, 1, 1, 1, 2, 2, 3, 5, 6, 6, 6, 6, 19, 20, 20, 19, 19, 18, 15, 15, 13, 12, 14, 11, 8]
[-8, -8, -7, -4, -4, -2, -2, -1, -1, 0, 0, 1, 1, 1, 1, 2, 2, 3, 5, 6, 6, 6, 6, 18, 20, 20, 19, 19, 19, 15, 15, 13, 12, 14, 11, 8]
[-8, -8, -7, -4, -4, -2, -2, -1, -1, 0, 0, 1, 1, 1, 1, 2, 2, 3, 5, 6, 6, 6, 6, 15, 20, 20, 19, 19, 19, 18, 15, 13, 12, 14, 11, 8]
[-8, -8, -7, -4, -4, -2, -2, -1, -1, 0, 0, 1, 1, 1, 1, 2, 2, 3, 5, 6, 6, 6, 6, 15, 20, 20, 19, 19, 19, 18, 15, 13, 12, 14, 11, 8]
[-8, -8, -7, -4, -4, -2, -2, -1, -1, 0, 0, 1, 1, 1, 1, 2, 2, 3, 5, 6, 6, 6, 6, 13, 20, 20, 19, 19, 19, 18, 15, 15, 12, 14, 11, 8]
[-8, -8, -7, -4, -4, -2, -2, -1, -1, 0, 0, 1, 1, 1, 1, 2, 2, 3, 5, 6, 6, 6, 6, 12, 20, 20, 19, 19, 19, 18, 15, 15, 13, 14, 11, 8]
[-8, -8, -7, -4, -4, -2, -2, -1, -1, 0, 0, 1, 1, 1, 1, 2, 2, 3, 5, 6, 6, 6, 6, 11, 20, 20, 19, 19, 19, 18, 15, 15, 13, 14, 12, 8]
[-8, -8, -7, -4, -4, -2, -2, -1, -1, 0, 0, 1, 1, 1, 1, 2, 2, 3, 5, 6, 6, 6, 6, 8, 20, 20, 19, 19, 19, 18, 15, 15, 13, 14, 12, 11]
[-8, -8, -7, -4, -4, -2, -2, -1, -1, 0, 0, 1, 1, 1, 1, 2, 2, 3, 5, 6, 6, 6, 6, 8, 20, 20, 19, 19, 19, 18, 15, 15, 13, 14, 12, 11]
[-8, -8, -7, -4, -4, -2, -2, -1, -1, 0, 0, 1, 1, 1, 1, 2, 2, 3, 5, 6, 6, 6, 6, 8, 19, 20, 20, 19, 19, 18, 15, 15, 13, 14, 12, 11]
[-8, -8, -7, -4, -4, -2, -2, -1, -1, 0, 0, 1, 1, 1, 1, 2, 2, 3, 5, 6, 6, 6, 6, 8, 19, 20, 20, 19, 19, 18, 15, 15, 13, 14, 12, 11]
[-8, -8, -7, -4, -4, -2, -2, -1, -1, 0, 0, 1, 1, 1, 1, 2, 2, 3, 5, 6, 6, 6, 6, 8, 19, 20, 20, 19, 19, 18, 15, 15, 13, 14, 12, 11]
[-8, -8, -7, -4, -4, -2, -2, -1, -1, 0, 0, 1, 1, 1, 1, 2, 2, 3, 5, 6, 6, 6, 6, 8, 18, 20, 20, 19, 19, 19, 15, 15, 13, 14, 12, 11]
[-8, -8, -7, -4, -4, -2, -2, -1, -1, 0, 0, 1, 1, 1, 1, 2, 2, 3, 5, 6, 6, 6, 6, 8, 15, 20, 20, 19, 19, 19, 18, 15, 13, 14, 12, 11]
[-8, -8, -7, -4, -4, -2, -2, -1, -1, 0, 0, 1, 1, 1, 1, 2, 2, 3, 5, 6, 6, 6, 6, 8, 15, 20, 20, 19, 19, 19, 18, 15, 13, 14, 12, 11]
[-8, -8, -7, -4, -4, -2, -2, -1, -1, 0, 0, 1, 1, 1, 1, 2, 2, 3, 5, 6, 6, 6, 6, 8, 13, 20, 20, 19, 19, 19, 18, 15, 15, 14, 12, 11]
[-8, -8, -7, -4, -4, -2, -2, -1, -1, 0, 0, 1, 1, 1, 1, 2, 2, 3, 5, 6, 6, 6, 6, 8, 12, 20, 20, 19, 19, 19, 18, 15, 15, 14, 13, 11]
[-8, -8, -7, -4, -4, -2, -2, -1, -1, 0, 0, 1, 1, 1, 1, 2, 2, 3, 5, 6, 6, 6, 6, 8, 11, 20, 20, 19, 19, 19, 18, 15, 15, 14, 13, 12]
[-8, -8, -7, -4, -4, -2, -2, -1, -1, 0, 0, 1, 1, 1, 1, 2, 2, 3, 5, 6, 6, 6, 6, 8, 11, 20, 20, 19, 19, 19, 18, 15, 15, 14, 13, 12]
[-8, -8, -7, -4, -4, -2, -2, -1, -1, 0, 0, 1, 1, 1, 1, 2, 2, 3, 5, 6, 6, 6, 6, 8, 11, 19, 20, 20, 19, 19, 18, 15, 15, 14, 13, 12]
[-8, -8, -7, -4, -4, -2, -2, -1, -1, 0, 0, 1, 1, 1, 1, 2, 2, 3, 5, 6, 6, 6, 6, 8, 11, 19, 20, 20, 19, 19, 18, 15, 15, 14, 13, 12]
[-8, -8, -7, -4, -4, -2, -2, -1, -1, 0, 0, 1, 1, 1, 1, 2, 2, 3, 5, 6, 6, 6, 6, 8, 11, 19, 20, 20, 19, 19, 18, 15, 15, 14, 13, 12]
[-8, -8, -7, -4, -4, -2, -2, -1, -1, 0, 0, 1, 1, 1, 1, 2, 2, 3, 5, 6, 6, 6, 6, 8, 11, 18, 20, 20, 19, 19, 19, 15, 15, 14, 13, 12]
[-8, -8, -7, -4, -4, -2, -2, -1, -1, 0, 0, 1, 1, 1, 1, 2, 2, 3, 5, 6, 6, 6, 6, 8, 11, 15, 20, 20, 19, 19, 19, 18, 15, 14, 13, 12]
[-8, -8, -7, -4, -4, -2, -2, -1, -1, 0, 0, 1, 1, 1, 1, 2, 2, 3, 5, 6, 6, 6, 6, 8, 11, 15, 20, 20, 19, 19, 19, 18, 15, 14, 13, 12]
[-8, -8, -7, -4, -4, -2, -2, -1, -1, 0, 0, 1, 1, 1, 1, 2, 2, 3, 5, 6, 6, 6, 6, 8, 11, 14, 20, 20, 19, 19, 19, 18, 15, 15, 13, 12]
[-8, -8, -7, -4, -4, -2, -2, -1, -1, 0, 0, 1, 1, 1, 1, 2, 2, 3, 5, 6, 6, 6, 6, 8, 11, 13, 20, 20, 19, 19, 19, 18, 15, 15, 14, 12]
[-8, -8, -7, -4, -4, -2, -2, -1, -1, 0, 0, 1, 1, 1, 1, 2, 2, 3, 5, 6, 6, 6, 6, 8, 11, 12, 20, 20, 19, 19, 19, 18, 15, 15, 14, 13]
[-8, -8, -7, -4, -4, -2, -2, -1, -1, 0, 0, 1, 1, 1, 1, 2, 2, 3, 5, 6, 6, 6, 6, 8, 11, 12, 20, 20, 19, 19, 19, 18, 15, 15, 14, 13]
[-8, -8, -7, -4, -4, -2, -2, -1, -1, 0, 0, 1, 1, 1, 1, 2, 2, 3, 5, 6, 6, 6, 6, 8, 11, 12, 19, 20, 20, 19, 19, 18, 15, 15, 14, 13]
[-8, -8, -7, -4, -4, -2, -2, -1, -1, 0, 0, 1, 1, 1, 1, 2, 2, 3, 5, 6, 6, 6, 6, 8, 11, 12, 19, 20, 20, 19, 19, 18, 15, 15, 14, 13]
[-8, -8, -7, -4, -4, -2, -2, -1, -1, 0, 0, 1, 1, 1, 1, 2, 2, 3, 5, 6, 6, 6, 6, 8, 11, 12, 19, 20, 20, 19, 19, 18, 15, 15, 14, 13]
[-8, -8, -7, -4, -4, -2, -2, -1, -1, 0, 0, 1, 1, 1, 1, 2, 2, 3, 5, 6, 6, 6, 6, 8, 11, 12, 18, 20, 20, 19, 19, 19, 15, 15, 14, 13]
[-8, -8, -7, -4, -4, -2, -2, -1, -1, 0, 0, 1, 1, 1, 1, 2, 2, 3, 5, 6, 6, 6, 6, 8, 11, 12, 15, 20, 20, 19, 19, 19, 18, 15, 14, 13]
[-8, -8, -7, -4, -4, -2, -2, -1, -1, 0, 0, 1, 1, 1, 1, 2, 2, 3, 5, 6, 6, 6, 6, 8, 11, 12, 15, 20, 20, 19, 19, 19, 18, 15, 14, 13]
[-8, -8, -7, -4, -4, -2, -2, -1, -1, 0, 0, 1, 1, 1, 1, 2, 2, 3, 5, 6, 6, 6, 6, 8, 11, 12, 14, 20, 20, 19, 19, 19, 18, 15, 15, 13]
[-8, -8, -7, -4, -4, -2, -2, -1, -1, 0, 0, 1, 1, 1, 1, 2, 2, 3, 5, 6, 6, 6, 6, 8, 11, 12, 13, 20, 20, 19, 19, 19, 18, 15, 15, 14]
[-8, -8, -7, -4, -4, -2, -2, -1, -1, 0, 0, 1, 1, 1, 1, 2, 2, 3, 5, 6, 6, 6, 6, 8, 11, 12, 13, 20, 20, 19, 19, 19, 18, 15, 15, 14]
[-8, -8, -7, -4, -4, -2, -2, -1, -1, 0, 0, 1, 1, 1, 1, 2, 2, 3, 5, 6, 6, 6, 6, 8, 11, 12, 13, 19, 20, 20, 19, 19, 18, 15, 15, 14]
[-8, -8, -7, -4, -4, -2, -2, -1, -1, 0, 0, 1, 1, 1, 1, 2, 2, 3, 5, 6, 6, 6, 6, 8, 11, 12, 13, 19, 20, 20, 19, 19, 18, 15, 15, 14]
[-8, -8, -7, -4, -4, -2, -2, -1, -1, 0, 0, 1, 1, 1, 1, 2, 2, 3, 5, 6, 6, 6, 6, 8, 11, 12, 13, 19, 20, 20, 19, 19, 18, 15, 15, 14]
[-8, -8, -7, -4, -4, -2, -2, -1, -1, 0, 0, 1, 1, 1, 1, 2, 2, 3, 5, 6, 6, 6, 6, 8, 11, 12, 13, 18, 20, 20, 19, 19, 19, 15, 15, 14]
[-8, -8, -7, -4, -4, -2, -2, -1, -1, 0, 0, 1, 1, 1, 1, 2, 2, 3, 5, 6, 6, 6, 6, 8, 11, 12, 13, 15, 20, 20, 19, 19, 19, 18, 15, 14]
[-8, -8, -7, -4, -4, -2, -2, -1, -1, 0, 0, 1, 1, 1, 1, 2, 2, 3, 5, 6, 6, 6, 6, 8, 11, 12, 13, 15, 20, 20, 19, 19, 19, 18, 15, 14]
[-8, -8, -7, -4, -4, -2, -2, -1, -1, 0, 0, 1, 1, 1, 1, 2, 2, 3, 5, 6, 6, 6, 6, 8, 11, 12, 13, 14, 20, 20, 19, 19, 19, 18, 15, 15]
[-8, -8, -7, -4, -4, -2, -2, -1, -1, 0, 0, 1, 1, 1, 1, 2, 2, 3, 5, 6, 6, 6, 6, 8, 11, 12, 13, 14, 20, 20, 19, 19, 19, 18, 15, 15]
[-8, -8, -7, -4, -4, -2, -2, -1, -1, 0, 0, 1, 1, 1, 1, 2, 2, 3, 5, 6, 6, 6, 6, 8, 11, 12, 13, 14, 19, 20, 20, 19, 19, 18, 15, 15]
[-8, -8, -7, -4, -4, -2, -2, -1, -1, 0, 0, 1, 1, 1, 1, 2, 2, 3, 5, 6, 6, 6, 6, 8, 11, 12, 13, 14, 19, 20, 20, 19, 19, 18, 15, 15]
[-8, -8, -7, -4, -4, -2, -2, -1, -1, 0, 0, 1, 1, 1, 1, 2, 2, 3, 5, 6, 6, 6, 6, 8, 11, 12, 13, 14, 19, 20, 20, 19, 19, 18, 15, 15]
[-8, -8, -7, -4, -4, -2, -2, -1, -1, 0, 0, 1, 1, 1, 1, 2, 2, 3, 5, 6, 6, 6, 6, 8, 11, 12, 13, 14, 18, 20, 20, 19, 19, 19, 15, 15]
[-8, -8, -7, -4, -4, -2, -2, -1, -1, 0, 0, 1, 1, 1, 1, 2, 2, 3, 5, 6, 6, 6, 6, 8, 11, 12, 13, 14, 15, 20, 20, 19, 19, 19, 18, 15]
[-8, -8, -7, -4, -4, -2, -2, -1, -1, 0, 0, 1, 1, 1, 1, 2, 2, 3, 5, 6, 6, 6, 6, 8, 11, 12, 13, 14, 15, 20, 20, 19, 19, 19, 18, 15]
[-8, -8, -7, -4, -4, -2, -2, -1, -1, 0, 0, 1, 1, 1, 1, 2, 2, 3, 5, 6, 6, 6, 6, 8, 11, 12, 13, 14, 15, 20, 20, 19, 19, 19, 18, 15]
[-8, -8, -7, -4, -4, -2, -2, -1, -1, 0, 0, 1, 1, 1, 1, 2, 2, 3, 5, 6, 6, 6, 6, 8, 11, 12, 13, 14, 15, 19, 20, 20, 19, 19, 18, 15]
[-8, -8, -7, -4, -4, -2, -2, -1, -1, 0, 0, 1, 1, 1, 1, 2, 2, 3, 5, 6, 6, 6, 6, 8, 11, 12, 13, 14, 15, 19, 20, 20, 19, 19, 18, 15]
[-8, -8, -7, -4, -4, -2, -2, -1, -1, 0, 0, 1, 1, 1, 1, 2, 2, 3, 5, 6, 6, 6, 6, 8, 11, 12, 13, 14, 15, 19, 20, 20, 19, 19, 18, 15]
[-8, -8, -7, -4, -4, -2, -2, -1, -1, 0, 0, 1, 1, 1, 1, 2, 2, 3, 5, 6, 6, 6, 6, 8, 11, 12, 13, 14, 15, 18, 20, 20, 19, 19, 19, 15]
[-8, -8, -7, -4, -4, -2, -2, -1, -1, 0, 0, 1, 1, 1, 1, 2, 2, 3, 5, 6, 6, 6, 6, 8, 11, 12, 13, 14, 15, 15, 20, 20, 19, 19, 19, 18]
[-8, -8, -7, -4, -4, -2, -2, -1, -1, 0, 0, 1, 1, 1, 1, 2, 2, 3, 5, 6, 6, 6, 6, 8, 11, 12, 13, 14, 15, 15, 20, 20, 19, 19, 19, 18]
[-8, -8, -7, -4, -4, -2, -2, -1, -1, 0, 0, 1, 1, 1, 1, 2, 2, 3, 5, 6, 6, 6, 6, 8, 11, 12, 13, 14, 15, 15, 19, 20, 20, 19, 19, 18]
[-8, -8, -7, -4, -4, -2, -2, -1, -1, 0, 0, 1, 1, 1, 1, 2, 2, 3, 5, 6, 6, 6, 6, 8, 11, 12, 13, 14, 15, 15, 19, 20, 20, 19, 19, 18]
[-8, -8, -7, -4, -4, -2, -2, -1, -1, 0, 0, 1, 1, 1, 1, 2, 2, 3, 5, 6, 6, 6, 6, 8, 11, 12, 13, 14, 15, 15, 19, 20, 20, 19, 19, 18]
[-8, -8, -7, -4, -4, -2, -2, -1, -1, 0, 0, 1, 1, 1, 1, 2, 2, 3, 5, 6, 6, 6, 6, 8, 11, 12, 13, 14, 15, 15, 18, 20, 20, 19, 19, 19]
[-8, -8, -7, -4, -4, -2, -2, -1, -1, 0, 0, 1, 1, 1, 1, 2, 2, 3, 5, 6, 6, 6, 6, 8, 11, 12, 13, 14, 15, 15, 18, 20, 20, 19, 19, 19]
[-8, -8, -7, -4, -4, -2, -2, -1, -1, 0, 0, 1, 1, 1, 1, 2, 2, 3, 5, 6, 6, 6, 6, 8, 11, 12, 13, 14, 15, 15, 18, 19, 20, 20, 19, 19]
[-8, -8, -7, -4, -4, -2, -2, -1, -1, 0, 0, 1, 1, 1, 1, 2, 2, 3, 5, 6, 6, 6, 6, 8, 11, 12, 13, 14, 15, 15, 18, 19, 20, 20, 19, 19]
[-8, -8, -7, -4, -4, -2, -2, -1, -1, 0, 0, 1, 1, 1, 1, 2, 2, 3, 5, 6, 6, 6, 6, 8, 11, 12, 13, 14, 15, 15, 18, 19, 20, 20, 19, 19]
[-8, -8, -7, -4, -4, -2, -2, -1, -1, 0, 0, 1, 1, 1, 1, 2, 2, 3, 5, 6, 6, 6, 6, 8, 11, 12, 13, 14, 15, 15, 18, 19, 20, 20, 19, 19]
[-8, -8, -7, -4, -4, -2, -2, -1, -1, 0, 0, 1, 1, 1, 1, 2, 2, 3, 5, 6, 6, 6, 6, 8, 11, 12, 13, 14, 15, 15, 18, 19, 19, 20, 20, 19]
[-8, -8, -7, -4, -4, -2, -2, -1, -1, 0, 0, 1, 1, 1, 1, 2, 2, 3, 5, 6, 6, 6, 6, 8, 11, 12, 13, 14, 15, 15, 18, 19, 19, 20, 20, 19]
[-8, -8, -7, -4, -4, -2, -2, -1, -1, 0, 0, 1, 1, 1, 1, 2, 2, 3, 5, 6, 6, 6, 6, 8, 11, 12, 13, 14, 15, 15, 18, 19, 19, 20, 20, 19]
[-8, -8, -7, -4, -4, -2, -2, -1, -1, 0, 0, 1, 1, 1, 1, 2, 2, 3, 5, 6, 6, 6, 6, 8, 11, 12, 13, 14, 15, 15, 18, 19, 19, 19, 20, 20]
[-8, -8, -7, -4, -4, -2, -2, -1, -1, 0, 0, 1, 1, 1, 1, 2, 2, 3, 5, 6, 6, 6, 6, 8, 11, 12, 13, 14, 15, 15, 18, 19, 19, 19, 20, 20]
[18, -2, 0, 12, 0, 7, 0, 19, 13, 17, 1, 4, 14, 6, -4, 11, 14, 1, -3, 3, 4, 13]
[-2, 18, 0, 12, 0, 7, 0, 19, 13, 17, 1, 4, 14, 6, -4, 11, 14, 1, -3, 3, 4, 13]
[-4, 18, 0, 12, 0, 7, 0, 19, 13, 17, 1, 4, 14, 6, -2, 11, 14, 1, -3, 3, 4, 13]
[-4, 0, 18, 12, 0, 7, 0, 19, 13, 17, 1, 4, 14, 6, -2, 11, 14, 1, -3, 3, 4, 13]
[-4, 0, 18, 12, 0, 7, 0, 19, 13, 17, 1, 4, 14, 6, -2, 11, 14, 1, -3, 3, 4, 13]
[-4, 0, 18, 12, 0, 7, 0, 19, 13, 17, 1, 4, 14, 6, -2, 11, 14, 1, -3, 3, 4, 13]
[-4, -2, 18, 12, 0, 7, 0, 19, 13, 17, 1, 4, 14, 6, 0, 11, 14, 1, -3, 3, 4, 13]
[-4, -3, 18, 12, 0, 7, 0, 19, 13, 17, 1, 4, 14, 6, 0, 11, 14, 1, -2, 3, 4, 13]
[-4, -3, 12, 18, 0, 7, 0, 19, 13, 17, 1, 4, 14, 6, 0, 11, 14, 1, -2, 3, 4, 13]
[-4, -3, 0, 18, 12, 7, 0, 19, 13, 17, 1, 4, 14, 6, 0, 11, 14, 1, -2, 3, 4, 13]
[-4, -3, 0, 18, 12, 7, 0, 19, 13, 17, 1, 4, 14, 6, 0, 11, 14, 1, -2, 3, 4, 13]
[-4, -3, 0, 18, 12, 7, 0, 19, 13, 17, 1, 4, 14, 6, 0, 11, 14, 1, -2, 3, 4, 13]
[-4, -3, -2, 18, 12, 7, 0, 19, 13, 17, 1, 4, 14, 6, 0, 11, 14, 1, 0, 3, 4, 13]
[-4, -3, -2, 12, 18, 7, 0, 19, 13, 17, 1, 4, 14, 6, 0, 11, 14, 1, 0, 3, 4, 13]
[-4, -3, -2, 7, 18, 12, 0, 19, 13, 17, 1, 4, 14, 6, 0, 11, 14, 1, 0, 3, 4, 13]
[-4, -3, -2, 0, 18, 12, 7, 19, 13, 17, 1, 4, 14, 6, 0, 11, 14, 1, 0, 3, 4, 13]
[-4, -3, -2, 0, 18, 12, 7, 19, 13, 17, 1, 4, 14, 6, 0, 11, 14, 1, 0, 3, 4, 13]
[-4, -3, -2, 0, 18, 12, 7, 19, 13, 17, 1, 4, 14, 6, 0, 11, 14, 1, 0, 3, 4, 13]
[-4, -3, -2, 0, 12, 18, 7, 19, 13, 17, 1, 4, 14, 6, 0, 11, 14, 1, 0, 3, 4, 13]
[-4, -3, -2, 0, 7, 18, 12, 19, 13, 17, 1, 4, 14, 6, 0, 11, 14, 1, 0, 3, 4, 13]
[-4, -3, -2, 0, 1, 18, 12, 19, 13, 17, 7, 4, 14, 6, 0, 11, 14, 1, 0, 3, 4, 13]
[-4, -3, -2, 0, 0, 18, 12, 19, 13, 17, 7, 4, 14, 6, 1, 11, 14, 1, 0, 3, 4, 13]
[-4, -3, -2, 0, 0, 18, 12, 19, 13, 17, 7, 4, 14, 6, 1, 11, 14, 1, 0, 3, 4, 13]
[-4, -3, -2, 0, 0, 12, 18, 19, 13, 17, 7, 4, 14, 6, 1, 11, 14, 1, 0, 3, 4, 13]
[-4, -3, -2, 0, 0, 7, 18, 19, 13, 17, 12, 4, 14, 6, 1, 11, 14, 1, 0, 3, 4, 13]
[-4, -3, -2, 0, 0, 4, 18, 19, 13, 17, 12, 7, 14, 6, 1, 11, 14, 1, 0, 3, 4, 13]
[-4, -3, -2, 0, 0, 1, 18, 19, 13, 17, 12, 7, 14, 6, 4, 11, 14, 1, 0, 3, 4, 13]
[-4, -3, -2, 0, 0, 1, 18, 19, 13, 17, 12, 7, 14, 6, 4, 11, 14, 1, 0, 3, 4, 13]
[-4, -3, -2, 0, 0, 0, 18, 19, 13, 17, 12, 7, 14, 6, 4, 11, 14, 1, 1, 3, 4, 13]
[-4, -3, -2, 0, 0, 0, 13, 19, 18, 17, 12, 7, 14, 6, 4, 11, 14, 1, 1, 3, 4, 13]
[-4, -3, -2, 0, 0, 0, 12, 19, 18, 17, 13, 7, 14, 6, 4, 11, 14, 1, 1, 3, 4, 13]
[-4, -3, -2, 0, 0, 0, 7, 19, 18, 17, 13, 12, 14, 6, 4, 11, 14, 1, 1, 3, 4, 13]
[-4, -3, -2, 0, 0, 0, 6, 19, 18, 17, 13, 12, 14, 7, 4, 11, 14, 1, 1, 3, 4, 13]
[-4, -3, -2, 0, 0, 0, 4, 19, 18, 17, 13, 12, 14, 7, 6, 11, 14, 1, 1, 3, 4, 13]
[-4, -3, -2, 0, 0, 0, 1, 19, 18, 17, 13, 12, 14, 7, 6, 11, 14, 4, 1, 3, 4, 13]
[-4, -3, -2, 0, 0, 0, 1, 19, 18, 17, 13, 12, 14, 7, 6, 11, 14, 4, 1, 3, 4, 13]
[-4, -3, -2, 0, 0, 0, 1, 18, 19, 17, 13, 12, 14, 7, 6, 11, 14, 4, 1, 3, 4, 13]
[-4, -3, -2, 0, 0, 0, 1, 17, 19, 18, 13, 12, 14, 7, 6, 11, 14, 4, 1, 3, 4, 13]
[-4, -3, -2, 0, 0, 0, 1, 13, 19, 18, 17, 12, 14, 7, 6, 11, 14, 4, 1, 3, 4, 13]
[-4, -3, -2, 0, 0, 0, 1, 12, 19, 18, 17, 13, 14, 7, 6, 11, 14, 4, 1, 3, 4, 13]
[-4, -3, -2, 0, 0, 0, 1, 7, 19, 18, 17, 13, 14, 12, 6, 11, 14, 4, 1, 3, 4, 13]
[-4, -3, -2, 0, 0, 0, 1, 6, 19, 18, 17, 13, 14, 12, 7, 11, 14, 4, 1, 3, 4, 13]
[-4, -3, -2, 0, 0, 0, 1, 4, 19, 18, 17, 13, 14, 12, 7, 11, 14, 6, 1, 3, 4, 13]
[-4, -3, -2, 0, 0, 0, 1, 1, 19, 18, 17, 13, 14, 12, 7, 11, 14, 6, 4, 3, 4, 13]
[-4, -3, -2, 0, 0, 0, 1, 1, 18, 19, 17, 13, 14, 12, 7, 11, 14, 6, 4, 3, 4, 13]
[-4, -3, -2, 0, 0, 0, 1, 1, 17, 19, 18, 13, 14, 12, 7, 11, 14, 6, 4, 3, 4, 13]
[-4, -3, -2, 0, 0, 0, 1, 1, 13, 19, 18, 17, 14, 12, 7, 11, 14, 6, 4, 3, 4, 13]
[-4, -3, -2, 0, 0, 0, 1, 1, 12, 19, 18, 17, 14, 13, 7, 11, 14, 6, 4, 3, 4, 13]
[-4, -3, -2, 0, 0, 0, 1, 1, 7, 19, 18, 17, 14, 13, 12, 11, 14, 6, 4, 3, 4, 13]
[-4, -3, -2, 0, 0, 0, 1, 1, 6, 19, 18, 17, 14, 13, 12, 11, 14, 7, 4, 3, 4, 13]
[-4, -3, -2, 0, 0, 0, 1, 1, 4, 19, 18, 17, 14, 13, 12, 11, 14, 7, 6, 3, 4, 13]
[-4, -3, -2, 0, 0, 0, 1, 1, 3, 19, 18, 17, 14, 13, 12, 11, 14, 7, 6, 4, 4, 13]
[-4, -3, -2, 0, 0, 0, 1, 1, 3, 18, 19, 17, 14, 13, 12, 11, 14, 7, 6, 4, 4, 13]
[-4, -3, -2, 0, 0, 0, 1, 1, 3, 17, 19, 18, 14, 13, 12, 11, 14, 7, 6, 4, 4, 13]
[-4, -3, -2, 0, 0, 0, 1, 1, 3, 14, 19, 18, 17, 13, 12, 11, 14, 7, 6, 4, 4, 13]
[-4, -3, -2, 0, 0, 0, 1, 1, 3, 13, 19, 18, 17, 14, 12, 11, 14, 7, 6, 4, 4, 13]
[-4, -3, -2, 0, 0, 0, 1, 1, 3, 12, 19, 18, 17, 14, 13, 11, 14, 7, 6, 4, 4, 13]
[-4, -3, -2, 0, 0, 0, 1, 1, 3, 11, 19, 18, 17, 14, 13, 12, 14, 7, 6, 4, 4, 13]
[-4, -3, -2, 0, 0, 0, 1, 1, 3, 7, 19, 18, 17, 14, 13, 12, 14, 11, 6, 4, 4, 13]
[-4, -3, -2, 0, 0, 0, 1, 1, 3, 6, 19, 18, 17, 14, 13, 12, 14, 11, 7, 4, 4, 13]
[-4, -3, -2, 0, 0, 0, 1, 1, 3, 4, 19, 18, 17, 14, 13, 12, 14, 11, 7, 6, 4, 13]
[-4, -3, -2, 0, 0, 0, 1, 1, 3, 4, 19, 18, 17, 14, 13, 12, 14, 11, 7, 6, 4, 13]
[-4, -3, -2, 0, 0, 0, 1, 1, 3, 4, 18, 19, 17, 14, 13, 12, 14, 11, 7, 6, 4, 13]
[-4, -3, -2, 0, 0, 0, 1, 1, 3, 4, 17, 19, 18, 14, 13, 12, 14, 11, 7, 6, 4, 13]
[-4, -3, -2, 0, 0, 0, 1, 1, 3, 4, 14, 19, 18, 17, 13, 12, 14, 11, 7, 6, 4, 13]
[-4, -3, -2, 0, 0, 0, 1, 1, 3, 4, 13, 19, 18, 17, 14, 12, 14, 11, 7, 6, 4, 13]
[-4, -3, -2, 0, 0, 0, 1, 1, 3, 4, 12, 19, 18, 17, 14, 13, 14, 11, 7, 6, 4, 13]
[-4, -3, -2, 0, 0, 0, 1, 1, 3, 4, 11, 19, 18, 17, 14, 13, 14, 12, 7, 6, 4, 13]
[-4, -3, -2, 0, 0, 0, 1, 1, 3, 4, 7, 19, 18, 17, 14, 13, 14, 12, 11, 6, 4, 13]
[-4, -3, -2, 0, 0, 0, 1, 1, 3, 4, 6, 19, 18, 17, 14, 13, 14, 12, 11, 7, 4, 13]
[-4, -3, -2, 0, 0, 0, 1, 1, 3, 4, 4, 19, 18, 17, 14, 13, 14, 12, 11, 7, 6, 13]
[-4, -3, -2, 0, 0, 0, 1, 1, 3, 4, 4, 18, 19, 17, 14, 13, 14, 12, 11, 7, 6, 13]
[-4, -3, -2, 0, 0, 0, 1, 1, 3, 4, 4, 17, 19, 18, 14, 13, 14, 12, 11, 7, 6, 13]
[-4, -3, -2, 0, 0, 0, 1, 1, 3, 4, 4, 14, 19, 18, 17, 13, 14, 12, 11, 7, 6, 13]
[-4, -3, -2, 0, 0, 0, 1, 1, 3, 4, 4, 13, 19, 18, 17, 14, 14, 12, 11, 7, 6, 13]
[-4, -3, -2, 0, 0, 0, 1, 1, 3, 4, 4, 12, 19, 18, 17, 14, 14, 13, 11, 7, 6, 13]
[-4, -3, -2, 0, 0, 0, 1, 1, 3, 4, 4, 11, 19, 18, 17, 14, 14, 13, 12, 7, 6, 13]
[-4, -3, -2, 0, 0, 0, 1, 1, 3, 4, 4, 7, 19, 18, 17, 14, 14, 13, 12, 11, 6, 13]
[-4, -3, -2, 0, 0, 0, 1, 1, 3, 4, 4, 6, 19, 18, 17, 14, 14, 13, 12, 11, 7, 13]
[-4, -3, -2, 0, 0, 0, 1, 1, 3, 4, 4, 6, 18, 19, 17, 14, 14, 13, 12, 11, 7, 13]
[-4, -3, -2, 0, 0, 0, 1, 1, 3, 4, 4, 6, 17, 19, 18, 14, 14, 13, 12, 11, 7, 13]
[-4, -3, -2, 0, 0, 0, 1, 1, 3, 4, 4, 6, 14, 19, 18, 17, 14, 13, 12, 11, 7, 13]
[-4, -3, -2, 0, 0, 0, 1, 1, 3, 4, 4, 6, 14, 19, 18, 17, 14, 13, 12, 11, 7, 13]
[-4, -3, -2, 0, 0, 0, 1, 1, 3, 4, 4, 6, 13, 19, 18, 17, 14, 14, 12, 11, 7, 13]
[-4, -3, -2, 0, 0, 0, 1, 1, 3, 4, 4, 6, 12, 19, 18, 17, 14, 14, 13, 11, 7, 13]
[-4, -3, -2, 0, 0, 0, 1, 1, 3, 4, 4, 6, 11, 19, 18, 17, 14, 14, 13, 12, 7, 13]
[-4, -3, -2, 0, 0, 0, 1, 1, 3, 4, 4, 6, 7, 19, 18, 17, 14, 14, 13, 12, 11, 13]
[-4, -3, -2, 0, 0, 0, 1, 1, 3, 4, 4, 6, 7, 18, 19, 17, 14, 14, 13, 12, 11, 13]
[-4, -3, -2, 0, 0, 0, 1, 1, 3, 4, 4, 6, 7, 17, 19, 18, 14, 14, 13, 12, 11, 13]
[-4, -3, -2, 0, 0, 0, 1, 1, 3, 4, 4, 6, 7, 14, 19, 18, 17, 14, 13, 12, 11, 13]
[-4, -3, -2, 0, 0, 0, 1, 1, 3, 4, 4, 6, 7, 14, 19, 18, 17, 14, 13, 12, 11, 13]
[-4, -3, -2, 0, 0, 0, 1, 1, 3, 4, 4, 6, 7, 13, 19, 18, 17, 14, 14, 12, 11, 13]
[-4, -3, -2, 0, 0, 0, 1, 1, 3, 4, 4, 6, 7, 12, 19, 18, 17, 14, 14, 13, 11, 13]
[-4, -3, -2, 0, 0, 0, 1, 1, 3, 4, 4, 6, 7, 11, 19, 18, 17, 14, 14, 13, 12, 13]
[-4, -3, -2, 0, 0, 0, 1, 1, 3, 4, 4, 6, 7, 11, 18, 19, 17, 14, 14, 13, 12, 13]
[-4, -3, -2, 0, 0, 0, 1, 1, 3, 4, 4, 6, 7, 11, 17, 19, 18, 14, 14, 13, 12, 13]
[-4, -3, -2, 0, 0, 0, 1, 1, 3, 4, 4, 6, 7, 11, 14, 19, 18, 17, 14, 13, 12, 13]
[-4, -3, -2, 0, 0, 0, 1, 1, 3, 4, 4, 6, 7, 11, 14, 19, 18, 17, 14, 13, 12, 13]
[-4, -3, -2, 0, 0, 0, 1, 1, 3, 4, 4, 6, 7, 11, 13, 19, 18, 17, 14, 14, 12, 13]
[-4, -3, -2, 0, 0, 0, 1, 1, 3, 4, 4, 6, 7, 11, 12, 19, 18, 17, 14, 14, 13, 13]
[-4, -3, -2, 0, 0, 0, 1, 1, 3, 4, 4, 6, 7, 11, 12, 18, 19, 17, 14, 14, 13, 13]
[-4, -3, -2, 0, 0, 0, 1, 1, 3, 4, 4, 6, 7, 11, 12, 17, 19, 18, 14, 14, 13, 13]
[-4, -3, -2, 0, 0, 0, 1, 1, 3, 4, 4, 6, 7, 11, 12, 14, 19, 18, 17, 14, 13, 13]
[-4, -3, -2, 0, 0, 0, 1, 1, 3, 4, 4, 6, 7, 11, 12, 14, 19, 18, 17, 14, 13, 13]
[-4, -3, -2, 0, 0, 0, 1, 1, 3, 4, 4, 6, 7, 11, 12, 13, 19, 18, 17, 14, 14, 13]
[-4, -3, -2, 0, 0, 0, 1, 1, 3, 4, 4, 6, 7, 11, 12, 13, 19, 18, 17, 14, 14, 13]
[-4, -3, -2, 0, 0, 0, 1, 1, 3, 4, 4, 6, 7, 11, 12, 13, 18, 19, 17, 14, 14, 13]
[-4, -3, -2, 0, 0, 0, 1, 1, 3, 4, 4, 6, 7, 11, 12, 13, 17, 19, 18, 14, 14, 13]
[-4, -3, -2, 0, 0, 0, 1, 1, 3, 4, 4, 6, 7, 11, 12, 13, 14, 19, 18, 17, 14, 13]
[-4, -3, -2, 0, 0, 0, 1, 1, 3, 4, 4, 6, 7, 11, 12, 13, 14, 19, 18, 17, 14, 13]
[-4, -3, -2, 0, 0, 0, 1, 1, 3, 4, 4, 6, 7, 11, 12, 13, 13, 19, 18, 17, 14, 14]
[-4, -3, -2, 0, 0, 0, 1, 1, 3, 4, 4, 6, 7, 11, 12, 13, 13, 18, 19, 17, 14, 14]
[-4, -3, -2, 0, 0, 0, 1, 1, 3, 4, 4, 6, 7, 11, 12, 13, 13, 17, 19, 18, 14, 14]
[-4, -3, -2, 0, 0, 0, 1, 1, 3, 4, 4, 6, 7, 11, 12, 13, 13, 14, 19, 18, 17, 14]
[-4, -3, -2, 0, 0, 0, 1, 1, 3, 4, 4, 6, 7, 11, 12, 13, 13, 14, 19, 18, 17, 14]
[-4, -3, -2, 0, 0, 0, 1, 1, 3, 4, 4, 6, 7, 11, 12, 13, 13, 14, 18, 19, 17, 14]
[-4, -3, -2, 0, 0, 0, 1, 1, 3, 4, 4, 6, 7, 11, 12, 13, 13, 14, 17, 19, 18, 14]
[-4, -3, -2, 0, 0, 0, 1, 1, 3, 4, 4, 6, 7, 11, 12, 13, 13, 14, 14, 19, 18, 17]
[-4, -3, -2, 0, 0, 0, 1, 1, 3, 4, 4, 6, 7, 11, 12, 13, 13, 14, 14, 18, 19, 17]
[-4, -3, -2, 0, 0, 0, 1, 1, 3, 4, 4, 6, 7, 11, 12, 13, 13, 14, 14, 17, 19, 18]
[-4, -3, -2, 0, 0, 0, 1, 1, 3, 4, 4, 6, 7, 11, 12, 13, 13, 14, 14, 17, 18, 19]
]]></system-out>
  <system-err><![CDATA[]]></system-err>
</testsuite>
